
UsersController
  GET #edit
    ログインユーザーの場合
[32m      レスポンスが成功すること[0m
[32m      @userが正しく設定されていること[0m

Bookモデルのテスト
  バリデーションのテスト
    titleカラム
[32m      空欄でないこと[0m
    bodyカラム
[32m      空欄でないこと[0m
[32m      200文字以下であること: 200文字は〇[0m
[32m      200文字以下であること: 201文字は×[0m
  アソシエーションのテスト
    Userモデルとの関係
[32m      N:1となっている[0m

Userモデルのテスト
  バリデーションのテスト
    nameカラム
[32m      空欄でないこと[0m
[32m      2文字以上であること: 1文字は×[0m
[32m      2文字以上であること: 2文字は〇[0m
[32m      20文字以下であること: 20文字は〇[0m
[32m      20文字以下であること: 21文字は×[0m
[32m      一意性があること[0m
    introductionカラム
[32m      50文字以下であること: 50文字は〇[0m
[32m      50文字以下であること: 51文字は×[0m
  アソシエーションのテスト
    Bookモデルとの関係
[32m      1:Nとなっている[0m

[STEP1] ユーザログイン前のテスト
  トップ画面のテスト
    表示内容の確認
[32m      URLが正しい[0m
[32m      Log inリンクが表示される: 青色のボタンの表示が「Log in」である[0m
[32m      Log inリンクの内容が正しい[0m
[32m      Sign upリンクが表示される: 緑色のボタンの表示が「Sign up」である[0m
[32m      Sign upリンクの内容が正しい[0m
  アバウト画面のテスト
    表示内容の確認
[32m      URLが正しい[0m
  ヘッダーのテスト: ログインしていない場合
    表示内容の確認
[32m      Bookersリンクが表示される: 左上から1番目のリンクが「Bookers」である[0m
[32m      Homeリンクが表示される: 左上から2番目のリンクが「Home」である[0m
[32m      Aboutリンクが表示される: 左上から3番目のリンクが「About」である[0m
[32m      Sign upリンクが表示される: 左上から4番目のリンクが「Sign up」である[0m
[32m      Log inリンクが表示される: 左上から5番目のリンクが「Log in」である[0m
    リンクの内容を確認
[32m      Bookersを押すと、トップ画面に遷移する[0m
[32m      Homeを押すと、トップ画面に遷移する[0m
[32m      Aboutを押すと、アバウト画面に遷移する[0m
[32m      Sign upを押すと、新規登録画面に遷移する[0m
[32m      Log inを押すと、ログイン画面に遷移する[0m
  ユーザ新規登録のテスト
    表示内容の確認
[32m      URLが正しい[0m
[32m      「Sign up」と表示される[0m
[32m      nameフォームが表示される[0m
[32m      emailフォームが表示される[0m
[32m      passwordフォームが表示される[0m
[32m      password_confirmationフォームが表示される[0m
[32m      Sign upボタンが表示される[0m
    新規登録成功のテスト
[32m      正しく新規登録される[0m
[32m      新規登録後のリダイレクト先が、新規登録できたユーザの詳細画面になっている[0m
  ユーザログイン
    表示内容の確認
[32m      URLが正しい[0m
[32m      「Log in」と表示される[0m
[32m      nameフォームが表示される[0m
[32m      passwordフォームが表示される[0m
[32m      Log inボタンが表示される[0m
[31m      emailフォームは表示されない (FAILED - 1)[0m
    ログイン成功のテスト
[32m      ログイン後のリダイレクト先が、ログインしたユーザの詳細画面になっている[0m
    ログイン失敗のテスト
[32m      ログインに失敗し、ログイン画面にリダイレクトされる[0m
  ヘッダーのテスト: ログインしている場合
    ヘッダーの表示を確認
[32m      Bookersリンクが表示される: 左上から1番目のリンクが「Bookers」である[0m
[32m      Homeリンクが表示される: 左上から2番目のリンクが「Home」である[0m
[32m      Usersリンクが表示される: 左上から3番目のリンクが「Users」である[0m
[32m      Booksリンクが表示される: 左上から4番目のリンクが「Books」である[0m
[32m      Log outリンクが表示される: 左上から5番目のリンクが「Log out」である[0m
  ユーザログアウトのテスト
    ログアウト機能のテスト
[32m      正しくログアウトできている: ログアウト後のリダイレクト先においてAbout画面へのリンクが存在する[0m
[32m      ログアウト後のリダイレクト先が、トップになっている[0m

[STEP2] ユーザログイン後のテスト
  ヘッダーのテスト: ログインしている場合
    リンクの内容を確認: ※logoutは『ユーザログアウトのテスト』でテスト済みになります。
[31m      Homeを押すと、自分のユーザ詳細画面に遷移する (FAILED - 2)[0m
[32m      Usersを押すと、ユーザ一覧画面に遷移する[0m
[31m      Booksを押すと、投稿一覧画面に遷移する (FAILED - 3)[0m
  投稿一覧画面のテスト
    表示内容の確認
[31m      URLが正しい (FAILED - 4)[0m
[31m      自分と他人の画像のリンク先が正しい (FAILED - 5)[0m
[31m      自分の投稿と他人の投稿のタイトルのリンク先がそれぞれ正しい (FAILED - 6)[0m
[31m      自分の投稿と他人の投稿のオピニオンが表示される (FAILED - 7)[0m
    サイドバーの確認
[31m      自分の名前と紹介文が表示される (FAILED - 8)[0m
[31m      自分のユーザ編集画面へのリンクが存在する (FAILED - 9)[0m
[31m      「New book」と表示される (FAILED - 10)[0m
[31m      titleフォームが表示される (FAILED - 11)[0m
[31m      titleフォームに値が入っていない (FAILED - 12)[0m
[31m      bodyフォームが表示される (FAILED - 13)[0m
[31m      bodyフォームに値が入っていない (FAILED - 14)[0m
[31m      Create Bookボタンが表示される (FAILED - 15)[0m
    投稿成功のテスト
[31m      自分の新しい投稿が正しく保存される (FAILED - 16)[0m
[31m      リダイレクト先が、保存できた投稿の詳細画面になっている (FAILED - 17)[0m
  自分の投稿詳細画面のテスト
    表示内容の確認
[31m      URLが正しい (FAILED - 18)[0m
[31m      「Book detail」と表示される (FAILED - 19)[0m
[31m      ユーザ画像・名前のリンク先が正しい (FAILED - 20)[0m
[31m      投稿のtitleが表示される (FAILED - 21)[0m
[31m      投稿のbodyが表示される (FAILED - 22)[0m
[31m      投稿の編集リンクが表示される (FAILED - 23)[0m
[31m      投稿の削除リンクが表示される (FAILED - 24)[0m
    サイドバーの確認
[31m      自分の名前と紹介文が表示される (FAILED - 25)[0m
[31m      自分のユーザ編集画面へのリンクが存在する (FAILED - 26)[0m
[31m      「New book」と表示される (FAILED - 27)[0m
[31m      titleフォームが表示される (FAILED - 28)[0m
[31m      titleフォームに値が入っていない (FAILED - 29)[0m
[31m      bodyフォームが表示される (FAILED - 30)[0m
[31m      bodyフォームに値が入っていない (FAILED - 31)[0m
[31m      Create Bookボタンが表示される (FAILED - 32)[0m
    投稿成功のテスト
[31m      自分の新しい投稿が正しく保存される (FAILED - 33)[0m
    編集リンクのテスト
[31m      編集画面に遷移する (FAILED - 34)[0m
    削除リンクのテスト
[31m      application.html.erbにjavascript_pack_tagを含んでいる (FAILED - 35)[0m
[31m      正しく削除される (FAILED - 36)[0m
[31m      リダイレクト先が、投稿一覧画面になっている (FAILED - 37)[0m
  自分の投稿編集画面のテスト
    表示の確認
[32m      URLが正しい[0m
[32m      「Editing Book」と表示される[0m
[32m      title編集フォームが表示される[0m
[32m      body編集フォームが表示される[0m
[32m      Update Bookボタンが表示される[0m
[32m      Showリンクが表示される[0m
[32m      Backリンクが表示される[0m
    編集成功のテスト
[31m      titleが正しく更新される (FAILED - 38)[0m
[31m      bodyが正しく更新される (FAILED - 39)[0m
[31m      リダイレクト先が、更新した投稿の詳細画面になっている (FAILED - 40)[0m
  ユーザ一覧画面のテスト
    表示内容の確認
[32m      URLが正しい[0m
[31m      自分と他人の画像が表示される: fallbackの画像がサイドバーの1つ＋一覧(2人)の2つの計3つ存在する (FAILED - 41)[0m
[31m      自分と他人の名前がそれぞれ表示される (FAILED - 42)[0m
[31m      自分と他人のshowリンクがそれぞれ表示される (FAILED - 43)[0m
    サイドバーの確認
[31m      自分の名前と紹介文が表示される (FAILED - 44)[0m
[31m      自分のユーザ編集画面へのリンクが存在する (FAILED - 45)[0m
[31m      「New book」と表示される (FAILED - 46)[0m
[31m      titleフォームが表示される (FAILED - 47)[0m
[31m      titleフォームに値が入っていない (FAILED - 48)[0m
[31m      bodyフォームが表示される (FAILED - 49)[0m
[31m      bodyフォームに値が入っていない (FAILED - 50)[0m
[31m      Create Bookボタンが表示される (FAILED - 51)[0m
  自分のユーザ詳細画面のテスト
    表示の確認
[32m      URLが正しい[0m
[31m      投稿一覧のユーザ画像のリンク先が正しい (FAILED - 52)[0m
[31m      投稿一覧に自分の投稿のtitleが表示され、リンクが正しい (FAILED - 53)[0m
[32m      投稿一覧に自分の投稿のbodyが表示される[0m
[32m      他人の投稿は表示されない[0m
    サイドバーの確認
[32m      自分の名前と紹介文が表示される[0m
[32m      自分のユーザ編集画面へのリンクが存在する[0m
[31m      「New book」と表示される (FAILED - 54)[0m
[32m      titleフォームが表示される[0m
[32m      titleフォームに値が入っていない[0m
[31m      bodyフォームが表示される (FAILED - 55)[0m
[31m      bodyフォームに値が入っていない (FAILED - 56)[0m
[32m      Create Bookボタンが表示される[0m
  自分のユーザ情報編集画面のテスト
    表示の確認
[32m      URLが正しい[0m
[32m      名前編集フォームに自分の名前が表示される[0m
[32m      画像編集フォームが表示される[0m
[32m      自己紹介編集フォームに自分の自己紹介文が表示される[0m
[32m      Update Userボタンが表示される[0m
    更新成功のテスト
[32m      nameが正しく更新される[0m
[32m      introductionが正しく更新される[0m
[32m      リダイレクト先が、自分のユーザ詳細画面になっている[0m

[STEP3] 仕上げのテスト
  サクセスメッセージのテスト
[32m    ユーザ新規登録成功時[0m
[32m    ユーザログイン成功時[0m
[31m    ユーザログアウト成功時 (FAILED - 57)[0m
[31m    ユーザのプロフィール情報更新成功時 (FAILED - 58)[0m
[31m    投稿データの新規投稿成功時: 投稿一覧画面から行います。 (FAILED - 59)[0m
[31m    投稿データの更新成功時 (FAILED - 60)[0m
  処理失敗時のテスト
    ユーザ新規登録失敗: nameを1文字にする
[32m      新規登録されない[0m
[32m      新規登録画面を表示しており、フォームの内容が正しい[0m
[32m      バリデーションエラーが表示される[0m
    ユーザのプロフィール情報編集失敗: nameを1文字にする
[32m      更新されない[0m
[31m      ユーザ編集画面を表示しており、フォームの内容が正しい (FAILED - 61)[0m
[31m      バリデーションエラーが表示される (FAILED - 62)[0m
    投稿データの新規投稿失敗: 投稿一覧画面から行い、titleを空にする
[31m      投稿が保存されない (FAILED - 63)[0m
[31m      投稿一覧画面を表示している (FAILED - 64)[0m
[31m      新規投稿フォームの内容が正しい (FAILED - 65)[0m
[31m      バリデーションエラーが表示される (FAILED - 66)[0m
    投稿データの更新失敗: titleを空にする
[31m      投稿が更新されない (FAILED - 67)[0m
[31m      投稿編集画面を表示しており、フォームの内容が正しい (FAILED - 68)[0m
[31m      エラーメッセージが表示される (FAILED - 69)[0m
  ログインしていない場合のアクセス制限のテスト: アクセスできず、ログイン画面に遷移する
[32m    ユーザ一覧画面[0m
[32m    ユーザ詳細画面[0m
[32m    ユーザ情報編集画面[0m
[32m    投稿一覧画面[0m
[32m    投稿詳細画面[0m
[32m    投稿編集画面[0m
  他人の画面のテスト
    他人の投稿詳細画面のテスト
      表示内容の確認
[31m        URLが正しい (FAILED - 70)[0m
[31m        「Book detail」と表示される (FAILED - 71)[0m
[31m        ユーザ画像・名前のリンク先が正しい (FAILED - 72)[0m
[31m        投稿のtitleが表示される (FAILED - 73)[0m
[31m        投稿のopinionが表示される (FAILED - 74)[0m
[31m        投稿の編集リンクが表示されない (FAILED - 75)[0m
[31m        投稿の削除リンクが表示されない (FAILED - 76)[0m
      サイドバーの確認
[31m        他人の名前と紹介文が表示される (FAILED - 77)[0m
[31m        他人のユーザ編集画面へのリンクが存在する (FAILED - 78)[0m
[31m        自分の名前と紹介文は表示されない (FAILED - 79)[0m
[31m        自分のユーザ編集画面へのリンクは存在しない (FAILED - 80)[0m
    他人の投稿編集画面
[31m      遷移できず、投稿一覧画面にリダイレクトされる (FAILED - 81)[0m
    他人のユーザ詳細画面のテスト
      表示の確認
[32m        URLが正しい[0m
[31m        投稿一覧のユーザ画像のリンク先が正しい (FAILED - 82)[0m
[31m        投稿一覧に他人の投稿のtitleが表示され、リンクが正しい (FAILED - 83)[0m
[32m        投稿一覧に他人の投稿のopinionが表示される[0m
[32m        自分の投稿は表示されない[0m
      サイドバーの確認
[32m        他人の名前と紹介文が表示される[0m
[32m        他人のユーザ編集画面へのリンクが存在する[0m
[32m        自分の名前と紹介文は表示されない[0m
[32m        自分のユーザ編集画面へのリンクは存在しない[0m
    他人のユーザ情報編集画面
[31m      遷移できず、自分のユーザ詳細画面にリダイレクトされる (FAILED - 84)[0m
  グリッドシステムのテスト: container, row, col-md-〇を正しく使えている
[31m    ユーザ一覧画面 (FAILED - 85)[0m
[31m    ユーザ詳細画面 (FAILED - 86)[0m
[31m    投稿一覧画面 (FAILED - 87)[0m
[31m    投稿詳細画面 (FAILED - 88)[0m
  アイコンのテスト
    トップ画面
[32m      本のアイコンが表示される[0m
    アバウト画面
[32m      本のアイコンが表示される[0m
    ヘッダー: ログインしていない場合
[32m      Homeリンクのアイコンが表示される[0m
[32m      Aboutリンクのアイコンが表示される[0m
[32m      Sign upリンクのアイコンが表示される[0m
[32m      Log inリンクのアイコンが表示される[0m
    ヘッダー: ログインしている場合
[32m      Homeリンクのアイコンが表示される[0m
[32m      Usersリンクのアイコンが表示される[0m
[32m      Booksリンクのアイコンが表示される[0m
[32m      Log outリンクのアイコンが表示される[0m
    サイドバー
[31m      ユーザ一覧画面でレンチアイコンが表示される (FAILED - 89)[0m
[32m      ユーザ詳細画面でレンチアイコンが表示される[0m
[31m      投稿一覧画面でレンチアイコンが表示される (FAILED - 90)[0m
[31m      投稿詳細画面でレンチアイコンが表示される (FAILED - 91)[0m

Failures:

  1) [STEP1] ユーザログイン前のテスト ユーザログイン 表示内容の確認 emailフォームは表示されない
     [31mFailure/Error: expect(page).not_to have_field 'user[email]'[0m
     [31m  expected not to find visible field "user[email]" that is not disabled, found 1 match: ""[0m
     [36m# ./spec/system/01_before_login_spec.rb:181:in `block (4 levels) in <main>'[0m

  2) [STEP2] ユーザログイン後のテスト ヘッダーのテスト: ログインしている場合 リンクの内容を確認: ※logoutは『ユーザログアウトのテスト』でテスト済みになります。 Homeを押すと、自分のユーザ詳細画面に遷移する
     [31mFailure/Error: is_expected.to eq '/users/' + user.id.to_s[0m
     [31m[0m
     [31m  expected: "/users/1"[0m
     [31m       got: "/"[0m
     [31m[0m
     [31m  (compared using ==)[0m
     [36m# ./spec/system/02_after_login_spec.rb:24:in `block (4 levels) in <main>'[0m

  3) [STEP2] ユーザログイン後のテスト ヘッダーのテスト: ログインしている場合 リンクの内容を確認: ※logoutは『ユーザログアウトのテスト』でテスト済みになります。 Booksを押すと、投稿一覧画面に遷移する
     [31mFailure/Error: profile_image.variant(resize_to_limit: [width, height]).processed[0m
     [31m[0m
     [31mLoadError:[0m
     [31m  Generating image variants require the image_processing gem. Please add `gem 'image_processing', '~> 1.2'` to your Gemfile.[0m
     [36m# ./app/models/user.rb:16:in `get_profile_image'[0m
     [36m# ./app/views/books/index.html.erb:18:in `block in _app_views_books_index_html_erb___1227276105739215456_26460'[0m
     [36m# ./app/views/books/index.html.erb:6:in `_app_views_books_index_html_erb___1227276105739215456_26460'[0m
     [36m# ./spec/system/02_after_login_spec.rb:35:in `block (4 levels) in <main>'[0m
     [36m# ------------------[0m
     [36m# --- Caused by: ---[0m
     [36m# LoadError:[0m
     [36m#   cannot load such file -- image_processing[0m
     [36m#   ./app/models/user.rb:16:in `get_profile_image'[0m

  4) [STEP2] ユーザログイン後のテスト 投稿一覧画面のテスト 表示内容の確認 URLが正しい
     [31mFailure/Error: profile_image.variant(resize_to_limit: [width, height]).processed[0m
     [31m[0m
     [31mLoadError:[0m
     [31m  Generating image variants require the image_processing gem. Please add `gem 'image_processing', '~> 1.2'` to your Gemfile.[0m
     [36m# ./app/models/user.rb:16:in `get_profile_image'[0m
     [36m# ./app/views/books/index.html.erb:18:in `block in _app_views_books_index_html_erb___1227276105739215456_26460'[0m
     [36m# ./app/views/books/index.html.erb:6:in `_app_views_books_index_html_erb___1227276105739215456_26460'[0m
     [36m# ./spec/system/02_after_login_spec.rb:43:in `block (3 levels) in <main>'[0m
     [36m# ------------------[0m
     [36m# --- Caused by: ---[0m
     [36m# LoadError:[0m
     [36m#   cannot load such file -- image_processing[0m
     [36m#   ./app/models/user.rb:16:in `get_profile_image'[0m

  5) [STEP2] ユーザログイン後のテスト 投稿一覧画面のテスト 表示内容の確認 自分と他人の画像のリンク先が正しい
     [31mFailure/Error: profile_image.variant(resize_to_limit: [width, height]).processed[0m
     [31m[0m
     [31mLoadError:[0m
     [31m  Generating image variants require the image_processing gem. Please add `gem 'image_processing', '~> 1.2'` to your Gemfile.[0m
     [36m# ./app/models/user.rb:16:in `get_profile_image'[0m
     [36m# ./app/views/books/index.html.erb:18:in `block in _app_views_books_index_html_erb___1227276105739215456_26460'[0m
     [36m# ./app/views/books/index.html.erb:6:in `_app_views_books_index_html_erb___1227276105739215456_26460'[0m
     [36m# ./spec/system/02_after_login_spec.rb:43:in `block (3 levels) in <main>'[0m
     [36m# ------------------[0m
     [36m# --- Caused by: ---[0m
     [36m# LoadError:[0m
     [36m#   cannot load such file -- image_processing[0m
     [36m#   ./app/models/user.rb:16:in `get_profile_image'[0m

  6) [STEP2] ユーザログイン後のテスト 投稿一覧画面のテスト 表示内容の確認 自分の投稿と他人の投稿のタイトルのリンク先がそれぞれ正しい
     [31mFailure/Error: profile_image.variant(resize_to_limit: [width, height]).processed[0m
     [31m[0m
     [31mLoadError:[0m
     [31m  Generating image variants require the image_processing gem. Please add `gem 'image_processing', '~> 1.2'` to your Gemfile.[0m
     [36m# ./app/models/user.rb:16:in `get_profile_image'[0m
     [36m# ./app/views/books/index.html.erb:18:in `block in _app_views_books_index_html_erb___1227276105739215456_26460'[0m
     [36m# ./app/views/books/index.html.erb:6:in `_app_views_books_index_html_erb___1227276105739215456_26460'[0m
     [36m# ./spec/system/02_after_login_spec.rb:43:in `block (3 levels) in <main>'[0m
     [36m# ------------------[0m
     [36m# --- Caused by: ---[0m
     [36m# LoadError:[0m
     [36m#   cannot load such file -- image_processing[0m
     [36m#   ./app/models/user.rb:16:in `get_profile_image'[0m

  7) [STEP2] ユーザログイン後のテスト 投稿一覧画面のテスト 表示内容の確認 自分の投稿と他人の投稿のオピニオンが表示される
     [31mFailure/Error: profile_image.variant(resize_to_limit: [width, height]).processed[0m
     [31m[0m
     [31mLoadError:[0m
     [31m  Generating image variants require the image_processing gem. Please add `gem 'image_processing', '~> 1.2'` to your Gemfile.[0m
     [36m# ./app/models/user.rb:16:in `get_profile_image'[0m
     [36m# ./app/views/books/index.html.erb:18:in `block in _app_views_books_index_html_erb___1227276105739215456_26460'[0m
     [36m# ./app/views/books/index.html.erb:6:in `_app_views_books_index_html_erb___1227276105739215456_26460'[0m
     [36m# ./spec/system/02_after_login_spec.rb:43:in `block (3 levels) in <main>'[0m
     [36m# ------------------[0m
     [36m# --- Caused by: ---[0m
     [36m# LoadError:[0m
     [36m#   cannot load such file -- image_processing[0m
     [36m#   ./app/models/user.rb:16:in `get_profile_image'[0m

  8) [STEP2] ユーザログイン後のテスト 投稿一覧画面のテスト サイドバーの確認 自分の名前と紹介文が表示される
     [31mFailure/Error: profile_image.variant(resize_to_limit: [width, height]).processed[0m
     [31m[0m
     [31mLoadError:[0m
     [31m  Generating image variants require the image_processing gem. Please add `gem 'image_processing', '~> 1.2'` to your Gemfile.[0m
     [36m# ./app/models/user.rb:16:in `get_profile_image'[0m
     [36m# ./app/views/books/index.html.erb:18:in `block in _app_views_books_index_html_erb___1227276105739215456_26460'[0m
     [36m# ./app/views/books/index.html.erb:6:in `_app_views_books_index_html_erb___1227276105739215456_26460'[0m
     [36m# ./spec/system/02_after_login_spec.rb:43:in `block (3 levels) in <main>'[0m
     [36m# ------------------[0m
     [36m# --- Caused by: ---[0m
     [36m# LoadError:[0m
     [36m#   cannot load such file -- image_processing[0m
     [36m#   ./app/models/user.rb:16:in `get_profile_image'[0m

  9) [STEP2] ユーザログイン後のテスト 投稿一覧画面のテスト サイドバーの確認 自分のユーザ編集画面へのリンクが存在する
     [31mFailure/Error: profile_image.variant(resize_to_limit: [width, height]).processed[0m
     [31m[0m
     [31mLoadError:[0m
     [31m  Generating image variants require the image_processing gem. Please add `gem 'image_processing', '~> 1.2'` to your Gemfile.[0m
     [36m# ./app/models/user.rb:16:in `get_profile_image'[0m
     [36m# ./app/views/books/index.html.erb:18:in `block in _app_views_books_index_html_erb___1227276105739215456_26460'[0m
     [36m# ./app/views/books/index.html.erb:6:in `_app_views_books_index_html_erb___1227276105739215456_26460'[0m
     [36m# ./spec/system/02_after_login_spec.rb:43:in `block (3 levels) in <main>'[0m
     [36m# ------------------[0m
     [36m# --- Caused by: ---[0m
     [36m# LoadError:[0m
     [36m#   cannot load such file -- image_processing[0m
     [36m#   ./app/models/user.rb:16:in `get_profile_image'[0m

  10) [STEP2] ユーザログイン後のテスト 投稿一覧画面のテスト サイドバーの確認 「New book」と表示される
      [31mFailure/Error: profile_image.variant(resize_to_limit: [width, height]).processed[0m
      [31m[0m
      [31mLoadError:[0m
      [31m  Generating image variants require the image_processing gem. Please add `gem 'image_processing', '~> 1.2'` to your Gemfile.[0m
      [36m# ./app/models/user.rb:16:in `get_profile_image'[0m
      [36m# ./app/views/books/index.html.erb:18:in `block in _app_views_books_index_html_erb___1227276105739215456_26460'[0m
      [36m# ./app/views/books/index.html.erb:6:in `_app_views_books_index_html_erb___1227276105739215456_26460'[0m
      [36m# ./spec/system/02_after_login_spec.rb:43:in `block (3 levels) in <main>'[0m
      [36m# ------------------[0m
      [36m# --- Caused by: ---[0m
      [36m# LoadError:[0m
      [36m#   cannot load such file -- image_processing[0m
      [36m#   ./app/models/user.rb:16:in `get_profile_image'[0m

  11) [STEP2] ユーザログイン後のテスト 投稿一覧画面のテスト サイドバーの確認 titleフォームが表示される
      [31mFailure/Error: profile_image.variant(resize_to_limit: [width, height]).processed[0m
      [31m[0m
      [31mLoadError:[0m
      [31m  Generating image variants require the image_processing gem. Please add `gem 'image_processing', '~> 1.2'` to your Gemfile.[0m
      [36m# ./app/models/user.rb:16:in `get_profile_image'[0m
      [36m# ./app/views/books/index.html.erb:18:in `block in _app_views_books_index_html_erb___1227276105739215456_26460'[0m
      [36m# ./app/views/books/index.html.erb:6:in `_app_views_books_index_html_erb___1227276105739215456_26460'[0m
      [36m# ./spec/system/02_after_login_spec.rb:43:in `block (3 levels) in <main>'[0m
      [36m# ------------------[0m
      [36m# --- Caused by: ---[0m
      [36m# LoadError:[0m
      [36m#   cannot load such file -- image_processing[0m
      [36m#   ./app/models/user.rb:16:in `get_profile_image'[0m

  12) [STEP2] ユーザログイン後のテスト 投稿一覧画面のテスト サイドバーの確認 titleフォームに値が入っていない
      [31mFailure/Error: profile_image.variant(resize_to_limit: [width, height]).processed[0m
      [31m[0m
      [31mLoadError:[0m
      [31m  Generating image variants require the image_processing gem. Please add `gem 'image_processing', '~> 1.2'` to your Gemfile.[0m
      [36m# ./app/models/user.rb:16:in `get_profile_image'[0m
      [36m# ./app/views/books/index.html.erb:18:in `block in _app_views_books_index_html_erb___1227276105739215456_26460'[0m
      [36m# ./app/views/books/index.html.erb:6:in `_app_views_books_index_html_erb___1227276105739215456_26460'[0m
      [36m# ./spec/system/02_after_login_spec.rb:43:in `block (3 levels) in <main>'[0m
      [36m# ------------------[0m
      [36m# --- Caused by: ---[0m
      [36m# LoadError:[0m
      [36m#   cannot load such file -- image_processing[0m
      [36m#   ./app/models/user.rb:16:in `get_profile_image'[0m

  13) [STEP2] ユーザログイン後のテスト 投稿一覧画面のテスト サイドバーの確認 bodyフォームが表示される
      [31mFailure/Error: profile_image.variant(resize_to_limit: [width, height]).processed[0m
      [31m[0m
      [31mLoadError:[0m
      [31m  Generating image variants require the image_processing gem. Please add `gem 'image_processing', '~> 1.2'` to your Gemfile.[0m
      [36m# ./app/models/user.rb:16:in `get_profile_image'[0m
      [36m# ./app/views/books/index.html.erb:18:in `block in _app_views_books_index_html_erb___1227276105739215456_26460'[0m
      [36m# ./app/views/books/index.html.erb:6:in `_app_views_books_index_html_erb___1227276105739215456_26460'[0m
      [36m# ./spec/system/02_after_login_spec.rb:43:in `block (3 levels) in <main>'[0m
      [36m# ------------------[0m
      [36m# --- Caused by: ---[0m
      [36m# LoadError:[0m
      [36m#   cannot load such file -- image_processing[0m
      [36m#   ./app/models/user.rb:16:in `get_profile_image'[0m

  14) [STEP2] ユーザログイン後のテスト 投稿一覧画面のテスト サイドバーの確認 bodyフォームに値が入っていない
      [31mFailure/Error: profile_image.variant(resize_to_limit: [width, height]).processed[0m
      [31m[0m
      [31mLoadError:[0m
      [31m  Generating image variants require the image_processing gem. Please add `gem 'image_processing', '~> 1.2'` to your Gemfile.[0m
      [36m# ./app/models/user.rb:16:in `get_profile_image'[0m
      [36m# ./app/views/books/index.html.erb:18:in `block in _app_views_books_index_html_erb___1227276105739215456_26460'[0m
      [36m# ./app/views/books/index.html.erb:6:in `_app_views_books_index_html_erb___1227276105739215456_26460'[0m
      [36m# ./spec/system/02_after_login_spec.rb:43:in `block (3 levels) in <main>'[0m
      [36m# ------------------[0m
      [36m# --- Caused by: ---[0m
      [36m# LoadError:[0m
      [36m#   cannot load such file -- image_processing[0m
      [36m#   ./app/models/user.rb:16:in `get_profile_image'[0m

  15) [STEP2] ユーザログイン後のテスト 投稿一覧画面のテスト サイドバーの確認 Create Bookボタンが表示される
      [31mFailure/Error: profile_image.variant(resize_to_limit: [width, height]).processed[0m
      [31m[0m
      [31mLoadError:[0m
      [31m  Generating image variants require the image_processing gem. Please add `gem 'image_processing', '~> 1.2'` to your Gemfile.[0m
      [36m# ./app/models/user.rb:16:in `get_profile_image'[0m
      [36m# ./app/views/books/index.html.erb:18:in `block in _app_views_books_index_html_erb___1227276105739215456_26460'[0m
      [36m# ./app/views/books/index.html.erb:6:in `_app_views_books_index_html_erb___1227276105739215456_26460'[0m
      [36m# ./spec/system/02_after_login_spec.rb:43:in `block (3 levels) in <main>'[0m
      [36m# ------------------[0m
      [36m# --- Caused by: ---[0m
      [36m# LoadError:[0m
      [36m#   cannot load such file -- image_processing[0m
      [36m#   ./app/models/user.rb:16:in `get_profile_image'[0m

  16) [STEP2] ユーザログイン後のテスト 投稿一覧画面のテスト 投稿成功のテスト 自分の新しい投稿が正しく保存される
      [31mFailure/Error: profile_image.variant(resize_to_limit: [width, height]).processed[0m
      [31m[0m
      [31mLoadError:[0m
      [31m  Generating image variants require the image_processing gem. Please add `gem 'image_processing', '~> 1.2'` to your Gemfile.[0m
      [36m# ./app/models/user.rb:16:in `get_profile_image'[0m
      [36m# ./app/views/books/index.html.erb:18:in `block in _app_views_books_index_html_erb___1227276105739215456_26460'[0m
      [36m# ./app/views/books/index.html.erb:6:in `_app_views_books_index_html_erb___1227276105739215456_26460'[0m
      [36m# ./spec/system/02_after_login_spec.rb:43:in `block (3 levels) in <main>'[0m
      [36m# ------------------[0m
      [36m# --- Caused by: ---[0m
      [36m# LoadError:[0m
      [36m#   cannot load such file -- image_processing[0m
      [36m#   ./app/models/user.rb:16:in `get_profile_image'[0m

  17) [STEP2] ユーザログイン後のテスト 投稿一覧画面のテスト 投稿成功のテスト リダイレクト先が、保存できた投稿の詳細画面になっている
      [31mFailure/Error: profile_image.variant(resize_to_limit: [width, height]).processed[0m
      [31m[0m
      [31mLoadError:[0m
      [31m  Generating image variants require the image_processing gem. Please add `gem 'image_processing', '~> 1.2'` to your Gemfile.[0m
      [36m# ./app/models/user.rb:16:in `get_profile_image'[0m
      [36m# ./app/views/books/index.html.erb:18:in `block in _app_views_books_index_html_erb___1227276105739215456_26460'[0m
      [36m# ./app/views/books/index.html.erb:6:in `_app_views_books_index_html_erb___1227276105739215456_26460'[0m
      [36m# ./spec/system/02_after_login_spec.rb:43:in `block (3 levels) in <main>'[0m
      [36m# ------------------[0m
      [36m# --- Caused by: ---[0m
      [36m# LoadError:[0m
      [36m#   cannot load such file -- image_processing[0m
      [36m#   ./app/models/user.rb:16:in `get_profile_image'[0m

  18) [STEP2] ユーザログイン後のテスト 自分の投稿詳細画面のテスト 表示内容の確認 URLが正しい
      [31mFailure/Error:[0m
      [31m  def get_profile_image(width, height)[0m
      [31m    unless profile_image.attached?[0m
      [31m      file_path = Rails.root.join('app/assets/images/sample-author1.jpg')[0m
      [31m      profile_image.attach(io: File.open(file_path), filename: 'default-image.jpg', content_type: 'image/jpeg')[0m
      [31m    end[0m
      [31m    profile_image.variant(resize_to_limit: [width, height]).processed[0m
      [31m[0m
      [31mActionView::Template::Error:[0m
      [31m  wrong number of arguments (given 0, expected 2)[0m
      [36m# ./app/models/user.rb:11:in `get_profile_image'[0m
      [36m# ./app/views/books/show.html.erb:11:in `_app_views_books_show_html_erb__1841198058641119766_30560'[0m
      [36m# ./spec/system/02_after_login_spec.rb:110:in `block (3 levels) in <main>'[0m
      [36m# ------------------[0m
      [36m# --- Caused by: ---[0m
      [36m# ArgumentError:[0m
      [36m#   wrong number of arguments (given 0, expected 2)[0m
      [36m#   ./app/models/user.rb:11:in `get_profile_image'[0m

  19) [STEP2] ユーザログイン後のテスト 自分の投稿詳細画面のテスト 表示内容の確認 「Book detail」と表示される
      [31mFailure/Error:[0m
      [31m  def get_profile_image(width, height)[0m
      [31m    unless profile_image.attached?[0m
      [31m      file_path = Rails.root.join('app/assets/images/sample-author1.jpg')[0m
      [31m      profile_image.attach(io: File.open(file_path), filename: 'default-image.jpg', content_type: 'image/jpeg')[0m
      [31m    end[0m
      [31m    profile_image.variant(resize_to_limit: [width, height]).processed[0m
      [31m[0m
      [31mActionView::Template::Error:[0m
      [31m  wrong number of arguments (given 0, expected 2)[0m
      [36m# ./app/models/user.rb:11:in `get_profile_image'[0m
      [36m# ./app/views/books/show.html.erb:11:in `_app_views_books_show_html_erb__1841198058641119766_30560'[0m
      [36m# ./spec/system/02_after_login_spec.rb:110:in `block (3 levels) in <main>'[0m
      [36m# ------------------[0m
      [36m# --- Caused by: ---[0m
      [36m# ArgumentError:[0m
      [36m#   wrong number of arguments (given 0, expected 2)[0m
      [36m#   ./app/models/user.rb:11:in `get_profile_image'[0m

  20) [STEP2] ユーザログイン後のテスト 自分の投稿詳細画面のテスト 表示内容の確認 ユーザ画像・名前のリンク先が正しい
      [31mFailure/Error:[0m
      [31m  def get_profile_image(width, height)[0m
      [31m    unless profile_image.attached?[0m
      [31m      file_path = Rails.root.join('app/assets/images/sample-author1.jpg')[0m
      [31m      profile_image.attach(io: File.open(file_path), filename: 'default-image.jpg', content_type: 'image/jpeg')[0m
      [31m    end[0m
      [31m    profile_image.variant(resize_to_limit: [width, height]).processed[0m
      [31m[0m
      [31mActionView::Template::Error:[0m
      [31m  wrong number of arguments (given 0, expected 2)[0m
      [36m# ./app/models/user.rb:11:in `get_profile_image'[0m
      [36m# ./app/views/books/show.html.erb:11:in `_app_views_books_show_html_erb__1841198058641119766_30560'[0m
      [36m# ./spec/system/02_after_login_spec.rb:110:in `block (3 levels) in <main>'[0m
      [36m# ------------------[0m
      [36m# --- Caused by: ---[0m
      [36m# ArgumentError:[0m
      [36m#   wrong number of arguments (given 0, expected 2)[0m
      [36m#   ./app/models/user.rb:11:in `get_profile_image'[0m

  21) [STEP2] ユーザログイン後のテスト 自分の投稿詳細画面のテスト 表示内容の確認 投稿のtitleが表示される
      [31mFailure/Error:[0m
      [31m  def get_profile_image(width, height)[0m
      [31m    unless profile_image.attached?[0m
      [31m      file_path = Rails.root.join('app/assets/images/sample-author1.jpg')[0m
      [31m      profile_image.attach(io: File.open(file_path), filename: 'default-image.jpg', content_type: 'image/jpeg')[0m
      [31m    end[0m
      [31m    profile_image.variant(resize_to_limit: [width, height]).processed[0m
      [31m[0m
      [31mActionView::Template::Error:[0m
      [31m  wrong number of arguments (given 0, expected 2)[0m
      [36m# ./app/models/user.rb:11:in `get_profile_image'[0m
      [36m# ./app/views/books/show.html.erb:11:in `_app_views_books_show_html_erb__1841198058641119766_30560'[0m
      [36m# ./spec/system/02_after_login_spec.rb:110:in `block (3 levels) in <main>'[0m
      [36m# ------------------[0m
      [36m# --- Caused by: ---[0m
      [36m# ArgumentError:[0m
      [36m#   wrong number of arguments (given 0, expected 2)[0m
      [36m#   ./app/models/user.rb:11:in `get_profile_image'[0m

  22) [STEP2] ユーザログイン後のテスト 自分の投稿詳細画面のテスト 表示内容の確認 投稿のbodyが表示される
      [31mFailure/Error:[0m
      [31m  def get_profile_image(width, height)[0m
      [31m    unless profile_image.attached?[0m
      [31m      file_path = Rails.root.join('app/assets/images/sample-author1.jpg')[0m
      [31m      profile_image.attach(io: File.open(file_path), filename: 'default-image.jpg', content_type: 'image/jpeg')[0m
      [31m    end[0m
      [31m    profile_image.variant(resize_to_limit: [width, height]).processed[0m
      [31m[0m
      [31mActionView::Template::Error:[0m
      [31m  wrong number of arguments (given 0, expected 2)[0m
      [36m# ./app/models/user.rb:11:in `get_profile_image'[0m
      [36m# ./app/views/books/show.html.erb:11:in `_app_views_books_show_html_erb__1841198058641119766_30560'[0m
      [36m# ./spec/system/02_after_login_spec.rb:110:in `block (3 levels) in <main>'[0m
      [36m# ------------------[0m
      [36m# --- Caused by: ---[0m
      [36m# ArgumentError:[0m
      [36m#   wrong number of arguments (given 0, expected 2)[0m
      [36m#   ./app/models/user.rb:11:in `get_profile_image'[0m

  23) [STEP2] ユーザログイン後のテスト 自分の投稿詳細画面のテスト 表示内容の確認 投稿の編集リンクが表示される
      [31mFailure/Error:[0m
      [31m  def get_profile_image(width, height)[0m
      [31m    unless profile_image.attached?[0m
      [31m      file_path = Rails.root.join('app/assets/images/sample-author1.jpg')[0m
      [31m      profile_image.attach(io: File.open(file_path), filename: 'default-image.jpg', content_type: 'image/jpeg')[0m
      [31m    end[0m
      [31m    profile_image.variant(resize_to_limit: [width, height]).processed[0m
      [31m[0m
      [31mActionView::Template::Error:[0m
      [31m  wrong number of arguments (given 0, expected 2)[0m
      [36m# ./app/models/user.rb:11:in `get_profile_image'[0m
      [36m# ./app/views/books/show.html.erb:11:in `_app_views_books_show_html_erb__1841198058641119766_30560'[0m
      [36m# ./spec/system/02_after_login_spec.rb:110:in `block (3 levels) in <main>'[0m
      [36m# ------------------[0m
      [36m# --- Caused by: ---[0m
      [36m# ArgumentError:[0m
      [36m#   wrong number of arguments (given 0, expected 2)[0m
      [36m#   ./app/models/user.rb:11:in `get_profile_image'[0m

  24) [STEP2] ユーザログイン後のテスト 自分の投稿詳細画面のテスト 表示内容の確認 投稿の削除リンクが表示される
      [31mFailure/Error:[0m
      [31m  def get_profile_image(width, height)[0m
      [31m    unless profile_image.attached?[0m
      [31m      file_path = Rails.root.join('app/assets/images/sample-author1.jpg')[0m
      [31m      profile_image.attach(io: File.open(file_path), filename: 'default-image.jpg', content_type: 'image/jpeg')[0m
      [31m    end[0m
      [31m    profile_image.variant(resize_to_limit: [width, height]).processed[0m
      [31m[0m
      [31mActionView::Template::Error:[0m
      [31m  wrong number of arguments (given 0, expected 2)[0m
      [36m# ./app/models/user.rb:11:in `get_profile_image'[0m
      [36m# ./app/views/books/show.html.erb:11:in `_app_views_books_show_html_erb__1841198058641119766_30560'[0m
      [36m# ./spec/system/02_after_login_spec.rb:110:in `block (3 levels) in <main>'[0m
      [36m# ------------------[0m
      [36m# --- Caused by: ---[0m
      [36m# ArgumentError:[0m
      [36m#   wrong number of arguments (given 0, expected 2)[0m
      [36m#   ./app/models/user.rb:11:in `get_profile_image'[0m

  25) [STEP2] ユーザログイン後のテスト 自分の投稿詳細画面のテスト サイドバーの確認 自分の名前と紹介文が表示される
      [31mFailure/Error:[0m
      [31m  def get_profile_image(width, height)[0m
      [31m    unless profile_image.attached?[0m
      [31m      file_path = Rails.root.join('app/assets/images/sample-author1.jpg')[0m
      [31m      profile_image.attach(io: File.open(file_path), filename: 'default-image.jpg', content_type: 'image/jpeg')[0m
      [31m    end[0m
      [31m    profile_image.variant(resize_to_limit: [width, height]).processed[0m
      [31m[0m
      [31mActionView::Template::Error:[0m
      [31m  wrong number of arguments (given 0, expected 2)[0m
      [36m# ./app/models/user.rb:11:in `get_profile_image'[0m
      [36m# ./app/views/books/show.html.erb:11:in `_app_views_books_show_html_erb__1841198058641119766_30560'[0m
      [36m# ./spec/system/02_after_login_spec.rb:110:in `block (3 levels) in <main>'[0m
      [36m# ------------------[0m
      [36m# --- Caused by: ---[0m
      [36m# ArgumentError:[0m
      [36m#   wrong number of arguments (given 0, expected 2)[0m
      [36m#   ./app/models/user.rb:11:in `get_profile_image'[0m

  26) [STEP2] ユーザログイン後のテスト 自分の投稿詳細画面のテスト サイドバーの確認 自分のユーザ編集画面へのリンクが存在する
      [31mFailure/Error:[0m
      [31m  def get_profile_image(width, height)[0m
      [31m    unless profile_image.attached?[0m
      [31m      file_path = Rails.root.join('app/assets/images/sample-author1.jpg')[0m
      [31m      profile_image.attach(io: File.open(file_path), filename: 'default-image.jpg', content_type: 'image/jpeg')[0m
      [31m    end[0m
      [31m    profile_image.variant(resize_to_limit: [width, height]).processed[0m
      [31m[0m
      [31mActionView::Template::Error:[0m
      [31m  wrong number of arguments (given 0, expected 2)[0m
      [36m# ./app/models/user.rb:11:in `get_profile_image'[0m
      [36m# ./app/views/books/show.html.erb:11:in `_app_views_books_show_html_erb__1841198058641119766_30560'[0m
      [36m# ./spec/system/02_after_login_spec.rb:110:in `block (3 levels) in <main>'[0m
      [36m# ------------------[0m
      [36m# --- Caused by: ---[0m
      [36m# ArgumentError:[0m
      [36m#   wrong number of arguments (given 0, expected 2)[0m
      [36m#   ./app/models/user.rb:11:in `get_profile_image'[0m

  27) [STEP2] ユーザログイン後のテスト 自分の投稿詳細画面のテスト サイドバーの確認 「New book」と表示される
      [31mFailure/Error:[0m
      [31m  def get_profile_image(width, height)[0m
      [31m    unless profile_image.attached?[0m
      [31m      file_path = Rails.root.join('app/assets/images/sample-author1.jpg')[0m
      [31m      profile_image.attach(io: File.open(file_path), filename: 'default-image.jpg', content_type: 'image/jpeg')[0m
      [31m    end[0m
      [31m    profile_image.variant(resize_to_limit: [width, height]).processed[0m
      [31m[0m
      [31mActionView::Template::Error:[0m
      [31m  wrong number of arguments (given 0, expected 2)[0m
      [36m# ./app/models/user.rb:11:in `get_profile_image'[0m
      [36m# ./app/views/books/show.html.erb:11:in `_app_views_books_show_html_erb__1841198058641119766_30560'[0m
      [36m# ./spec/system/02_after_login_spec.rb:110:in `block (3 levels) in <main>'[0m
      [36m# ------------------[0m
      [36m# --- Caused by: ---[0m
      [36m# ArgumentError:[0m
      [36m#   wrong number of arguments (given 0, expected 2)[0m
      [36m#   ./app/models/user.rb:11:in `get_profile_image'[0m

  28) [STEP2] ユーザログイン後のテスト 自分の投稿詳細画面のテスト サイドバーの確認 titleフォームが表示される
      [31mFailure/Error:[0m
      [31m  def get_profile_image(width, height)[0m
      [31m    unless profile_image.attached?[0m
      [31m      file_path = Rails.root.join('app/assets/images/sample-author1.jpg')[0m
      [31m      profile_image.attach(io: File.open(file_path), filename: 'default-image.jpg', content_type: 'image/jpeg')[0m
      [31m    end[0m
      [31m    profile_image.variant(resize_to_limit: [width, height]).processed[0m
      [31m[0m
      [31mActionView::Template::Error:[0m
      [31m  wrong number of arguments (given 0, expected 2)[0m
      [36m# ./app/models/user.rb:11:in `get_profile_image'[0m
      [36m# ./app/views/books/show.html.erb:11:in `_app_views_books_show_html_erb__1841198058641119766_30560'[0m
      [36m# ./spec/system/02_after_login_spec.rb:110:in `block (3 levels) in <main>'[0m
      [36m# ------------------[0m
      [36m# --- Caused by: ---[0m
      [36m# ArgumentError:[0m
      [36m#   wrong number of arguments (given 0, expected 2)[0m
      [36m#   ./app/models/user.rb:11:in `get_profile_image'[0m

  29) [STEP2] ユーザログイン後のテスト 自分の投稿詳細画面のテスト サイドバーの確認 titleフォームに値が入っていない
      [31mFailure/Error:[0m
      [31m  def get_profile_image(width, height)[0m
      [31m    unless profile_image.attached?[0m
      [31m      file_path = Rails.root.join('app/assets/images/sample-author1.jpg')[0m
      [31m      profile_image.attach(io: File.open(file_path), filename: 'default-image.jpg', content_type: 'image/jpeg')[0m
      [31m    end[0m
      [31m    profile_image.variant(resize_to_limit: [width, height]).processed[0m
      [31m[0m
      [31mActionView::Template::Error:[0m
      [31m  wrong number of arguments (given 0, expected 2)[0m
      [36m# ./app/models/user.rb:11:in `get_profile_image'[0m
      [36m# ./app/views/books/show.html.erb:11:in `_app_views_books_show_html_erb__1841198058641119766_30560'[0m
      [36m# ./spec/system/02_after_login_spec.rb:110:in `block (3 levels) in <main>'[0m
      [36m# ------------------[0m
      [36m# --- Caused by: ---[0m
      [36m# ArgumentError:[0m
      [36m#   wrong number of arguments (given 0, expected 2)[0m
      [36m#   ./app/models/user.rb:11:in `get_profile_image'[0m

  30) [STEP2] ユーザログイン後のテスト 自分の投稿詳細画面のテスト サイドバーの確認 bodyフォームが表示される
      [31mFailure/Error:[0m
      [31m  def get_profile_image(width, height)[0m
      [31m    unless profile_image.attached?[0m
      [31m      file_path = Rails.root.join('app/assets/images/sample-author1.jpg')[0m
      [31m      profile_image.attach(io: File.open(file_path), filename: 'default-image.jpg', content_type: 'image/jpeg')[0m
      [31m    end[0m
      [31m    profile_image.variant(resize_to_limit: [width, height]).processed[0m
      [31m[0m
      [31mActionView::Template::Error:[0m
      [31m  wrong number of arguments (given 0, expected 2)[0m
      [36m# ./app/models/user.rb:11:in `get_profile_image'[0m
      [36m# ./app/views/books/show.html.erb:11:in `_app_views_books_show_html_erb__1841198058641119766_30560'[0m
      [36m# ./spec/system/02_after_login_spec.rb:110:in `block (3 levels) in <main>'[0m
      [36m# ------------------[0m
      [36m# --- Caused by: ---[0m
      [36m# ArgumentError:[0m
      [36m#   wrong number of arguments (given 0, expected 2)[0m
      [36m#   ./app/models/user.rb:11:in `get_profile_image'[0m

  31) [STEP2] ユーザログイン後のテスト 自分の投稿詳細画面のテスト サイドバーの確認 bodyフォームに値が入っていない
      [31mFailure/Error:[0m
      [31m  def get_profile_image(width, height)[0m
      [31m    unless profile_image.attached?[0m
      [31m      file_path = Rails.root.join('app/assets/images/sample-author1.jpg')[0m
      [31m      profile_image.attach(io: File.open(file_path), filename: 'default-image.jpg', content_type: 'image/jpeg')[0m
      [31m    end[0m
      [31m    profile_image.variant(resize_to_limit: [width, height]).processed[0m
      [31m[0m
      [31mActionView::Template::Error:[0m
      [31m  wrong number of arguments (given 0, expected 2)[0m
      [36m# ./app/models/user.rb:11:in `get_profile_image'[0m
      [36m# ./app/views/books/show.html.erb:11:in `_app_views_books_show_html_erb__1841198058641119766_30560'[0m
      [36m# ./spec/system/02_after_login_spec.rb:110:in `block (3 levels) in <main>'[0m
      [36m# ------------------[0m
      [36m# --- Caused by: ---[0m
      [36m# ArgumentError:[0m
      [36m#   wrong number of arguments (given 0, expected 2)[0m
      [36m#   ./app/models/user.rb:11:in `get_profile_image'[0m

  32) [STEP2] ユーザログイン後のテスト 自分の投稿詳細画面のテスト サイドバーの確認 Create Bookボタンが表示される
      [31mFailure/Error:[0m
      [31m  def get_profile_image(width, height)[0m
      [31m    unless profile_image.attached?[0m
      [31m      file_path = Rails.root.join('app/assets/images/sample-author1.jpg')[0m
      [31m      profile_image.attach(io: File.open(file_path), filename: 'default-image.jpg', content_type: 'image/jpeg')[0m
      [31m    end[0m
      [31m    profile_image.variant(resize_to_limit: [width, height]).processed[0m
      [31m[0m
      [31mActionView::Template::Error:[0m
      [31m  wrong number of arguments (given 0, expected 2)[0m
      [36m# ./app/models/user.rb:11:in `get_profile_image'[0m
      [36m# ./app/views/books/show.html.erb:11:in `_app_views_books_show_html_erb__1841198058641119766_30560'[0m
      [36m# ./spec/system/02_after_login_spec.rb:110:in `block (3 levels) in <main>'[0m
      [36m# ------------------[0m
      [36m# --- Caused by: ---[0m
      [36m# ArgumentError:[0m
      [36m#   wrong number of arguments (given 0, expected 2)[0m
      [36m#   ./app/models/user.rb:11:in `get_profile_image'[0m

  33) [STEP2] ユーザログイン後のテスト 自分の投稿詳細画面のテスト 投稿成功のテスト 自分の新しい投稿が正しく保存される
      [31mFailure/Error:[0m
      [31m  def get_profile_image(width, height)[0m
      [31m    unless profile_image.attached?[0m
      [31m      file_path = Rails.root.join('app/assets/images/sample-author1.jpg')[0m
      [31m      profile_image.attach(io: File.open(file_path), filename: 'default-image.jpg', content_type: 'image/jpeg')[0m
      [31m    end[0m
      [31m    profile_image.variant(resize_to_limit: [width, height]).processed[0m
      [31m[0m
      [31mActionView::Template::Error:[0m
      [31m  wrong number of arguments (given 0, expected 2)[0m
      [36m# ./app/models/user.rb:11:in `get_profile_image'[0m
      [36m# ./app/views/books/show.html.erb:11:in `_app_views_books_show_html_erb__1841198058641119766_30560'[0m
      [36m# ./spec/system/02_after_login_spec.rb:110:in `block (3 levels) in <main>'[0m
      [36m# ------------------[0m
      [36m# --- Caused by: ---[0m
      [36m# ArgumentError:[0m
      [36m#   wrong number of arguments (given 0, expected 2)[0m
      [36m#   ./app/models/user.rb:11:in `get_profile_image'[0m

  34) [STEP2] ユーザログイン後のテスト 自分の投稿詳細画面のテスト 編集リンクのテスト 編集画面に遷移する
      [31mFailure/Error:[0m
      [31m  def get_profile_image(width, height)[0m
      [31m    unless profile_image.attached?[0m
      [31m      file_path = Rails.root.join('app/assets/images/sample-author1.jpg')[0m
      [31m      profile_image.attach(io: File.open(file_path), filename: 'default-image.jpg', content_type: 'image/jpeg')[0m
      [31m    end[0m
      [31m    profile_image.variant(resize_to_limit: [width, height]).processed[0m
      [31m[0m
      [31mActionView::Template::Error:[0m
      [31m  wrong number of arguments (given 0, expected 2)[0m
      [36m# ./app/models/user.rb:11:in `get_profile_image'[0m
      [36m# ./app/views/books/show.html.erb:11:in `_app_views_books_show_html_erb__1841198058641119766_30560'[0m
      [36m# ./spec/system/02_after_login_spec.rb:110:in `block (3 levels) in <main>'[0m
      [36m# ------------------[0m
      [36m# --- Caused by: ---[0m
      [36m# ArgumentError:[0m
      [36m#   wrong number of arguments (given 0, expected 2)[0m
      [36m#   ./app/models/user.rb:11:in `get_profile_image'[0m

  35) [STEP2] ユーザログイン後のテスト 自分の投稿詳細画面のテスト 削除リンクのテスト application.html.erbにjavascript_pack_tagを含んでいる
      [31mFailure/Error:[0m
      [31m  def get_profile_image(width, height)[0m
      [31m    unless profile_image.attached?[0m
      [31m      file_path = Rails.root.join('app/assets/images/sample-author1.jpg')[0m
      [31m      profile_image.attach(io: File.open(file_path), filename: 'default-image.jpg', content_type: 'image/jpeg')[0m
      [31m    end[0m
      [31m    profile_image.variant(resize_to_limit: [width, height]).processed[0m
      [31m[0m
      [31mActionView::Template::Error:[0m
      [31m  wrong number of arguments (given 0, expected 2)[0m
      [36m# ./app/models/user.rb:11:in `get_profile_image'[0m
      [36m# ./app/views/books/show.html.erb:11:in `_app_views_books_show_html_erb__1841198058641119766_30560'[0m
      [36m# ./spec/system/02_after_login_spec.rb:110:in `block (3 levels) in <main>'[0m
      [36m# ------------------[0m
      [36m# --- Caused by: ---[0m
      [36m# ArgumentError:[0m
      [36m#   wrong number of arguments (given 0, expected 2)[0m
      [36m#   ./app/models/user.rb:11:in `get_profile_image'[0m

  36) [STEP2] ユーザログイン後のテスト 自分の投稿詳細画面のテスト 削除リンクのテスト 正しく削除される
      [31mFailure/Error:[0m
      [31m  def get_profile_image(width, height)[0m
      [31m    unless profile_image.attached?[0m
      [31m      file_path = Rails.root.join('app/assets/images/sample-author1.jpg')[0m
      [31m      profile_image.attach(io: File.open(file_path), filename: 'default-image.jpg', content_type: 'image/jpeg')[0m
      [31m    end[0m
      [31m    profile_image.variant(resize_to_limit: [width, height]).processed[0m
      [31m[0m
      [31mActionView::Template::Error:[0m
      [31m  wrong number of arguments (given 0, expected 2)[0m
      [36m# ./app/models/user.rb:11:in `get_profile_image'[0m
      [36m# ./app/views/books/show.html.erb:11:in `_app_views_books_show_html_erb__1841198058641119766_30560'[0m
      [36m# ./spec/system/02_after_login_spec.rb:110:in `block (3 levels) in <main>'[0m
      [36m# ------------------[0m
      [36m# --- Caused by: ---[0m
      [36m# ArgumentError:[0m
      [36m#   wrong number of arguments (given 0, expected 2)[0m
      [36m#   ./app/models/user.rb:11:in `get_profile_image'[0m

  37) [STEP2] ユーザログイン後のテスト 自分の投稿詳細画面のテスト 削除リンクのテスト リダイレクト先が、投稿一覧画面になっている
      [31mFailure/Error:[0m
      [31m  def get_profile_image(width, height)[0m
      [31m    unless profile_image.attached?[0m
      [31m      file_path = Rails.root.join('app/assets/images/sample-author1.jpg')[0m
      [31m      profile_image.attach(io: File.open(file_path), filename: 'default-image.jpg', content_type: 'image/jpeg')[0m
      [31m    end[0m
      [31m    profile_image.variant(resize_to_limit: [width, height]).processed[0m
      [31m[0m
      [31mActionView::Template::Error:[0m
      [31m  wrong number of arguments (given 0, expected 2)[0m
      [36m# ./app/models/user.rb:11:in `get_profile_image'[0m
      [36m# ./app/views/books/show.html.erb:11:in `_app_views_books_show_html_erb__1841198058641119766_30560'[0m
      [36m# ./spec/system/02_after_login_spec.rb:110:in `block (3 levels) in <main>'[0m
      [36m# ------------------[0m
      [36m# --- Caused by: ---[0m
      [36m# ArgumentError:[0m
      [36m#   wrong number of arguments (given 0, expected 2)[0m
      [36m#   ./app/models/user.rb:11:in `get_profile_image'[0m

  38) [STEP2] ユーザログイン後のテスト 自分の投稿編集画面のテスト 編集成功のテスト titleが正しく更新される
      [31mFailure/Error: click_button 'Update Book'[0m
      [31m[0m
      [31mActionController::RoutingError:[0m
      [31m  No route matches [PATCH] "/books/1"[0m
      [36m# ./spec/system/02_after_login_spec.rb:247:in `block (4 levels) in <main>'[0m

  39) [STEP2] ユーザログイン後のテスト 自分の投稿編集画面のテスト 編集成功のテスト bodyが正しく更新される
      [31mFailure/Error: click_button 'Update Book'[0m
      [31m[0m
      [31mActionController::RoutingError:[0m
      [31m  No route matches [PATCH] "/books/1"[0m
      [36m# ./spec/system/02_after_login_spec.rb:247:in `block (4 levels) in <main>'[0m

  40) [STEP2] ユーザログイン後のテスト 自分の投稿編集画面のテスト 編集成功のテスト リダイレクト先が、更新した投稿の詳細画面になっている
      [31mFailure/Error: click_button 'Update Book'[0m
      [31m[0m
      [31mActionController::RoutingError:[0m
      [31m  No route matches [PATCH] "/books/1"[0m
      [36m# ./spec/system/02_after_login_spec.rb:247:in `block (4 levels) in <main>'[0m

  41) [STEP2] ユーザログイン後のテスト ユーザ一覧画面のテスト 表示内容の確認 自分と他人の画像が表示される: fallbackの画像がサイドバーの1つ＋一覧(2人)の2つの計3つ存在する
      [31mFailure/Error: expect(all('img').size).to eq(3)[0m
      [31m[0m
      [31m  expected: 3[0m
      [31m       got: 0[0m
      [31m[0m
      [31m  (compared using ==)[0m
      [36m# ./spec/system/02_after_login_spec.rb:273:in `block (4 levels) in <main>'[0m

  42) [STEP2] ユーザログイン後のテスト ユーザ一覧画面のテスト 表示内容の確認 自分と他人の名前がそれぞれ表示される
      [31mFailure/Error: expect(page).to have_content user.name[0m
      [31m  expected to find text "4c6zweqmm6" in "Bookers\nHome Users Books Log out\nUsers#index\nFind me in app/views/users/index.html.erb\nCopyRight Infratop.inc"[0m
      [36m# ./spec/system/02_after_login_spec.rb:276:in `block (4 levels) in <main>'[0m

  43) [STEP2] ユーザログイン後のテスト ユーザ一覧画面のテスト 表示内容の確認 自分と他人のshowリンクがそれぞれ表示される
      [31mFailure/Error: expect(page).to have_link 'Show', href: user_path(user)[0m
      [31m  expected to find link "Show" with href "/users/1" but there were no matches[0m
      [36m# ./spec/system/02_after_login_spec.rb:280:in `block (4 levels) in <main>'[0m

  44) [STEP2] ユーザログイン後のテスト ユーザ一覧画面のテスト サイドバーの確認 自分の名前と紹介文が表示される
      [31mFailure/Error: expect(page).to have_content user.name[0m
      [31m  expected to find text "xw1hzcra2a" in "Bookers\nHome Users Books Log out\nUsers#index\nFind me in app/views/users/index.html.erb\nCopyRight Infratop.inc"[0m
      [36m# ./spec/system/02_after_login_spec.rb:287:in `block (4 levels) in <main>'[0m

  45) [STEP2] ユーザログイン後のテスト ユーザ一覧画面のテスト サイドバーの確認 自分のユーザ編集画面へのリンクが存在する
      [31mFailure/Error: expect(page).to have_link '', href: edit_user_path(user)[0m
      [31m  expected to find link "" with href "/users/1/edit" but there were no matches[0m
      [36m# ./spec/system/02_after_login_spec.rb:291:in `block (4 levels) in <main>'[0m

  46) [STEP2] ユーザログイン後のテスト ユーザ一覧画面のテスト サイドバーの確認 「New book」と表示される
      [31mFailure/Error: expect(page).to have_content 'New book'[0m
      [31m  expected to find text "New book" in "Bookers\nHome Users Books Log out\nUsers#index\nFind me in app/views/users/index.html.erb\nCopyRight Infratop.inc"[0m
      [36m# ./spec/system/02_after_login_spec.rb:294:in `block (4 levels) in <main>'[0m

  47) [STEP2] ユーザログイン後のテスト ユーザ一覧画面のテスト サイドバーの確認 titleフォームが表示される
      [31mFailure/Error: expect(page).to have_field 'book[title]'[0m
      [31m  expected to find field "book[title]" that is not disabled but there were no matches[0m
      [36m# ./spec/system/02_after_login_spec.rb:297:in `block (4 levels) in <main>'[0m

  48) [STEP2] ユーザログイン後のテスト ユーザ一覧画面のテスト サイドバーの確認 titleフォームに値が入っていない
      [31mFailure/Error: expect(find_field('book[title]').text).to be_blank[0m
      [31m[0m
      [31mCapybara::ElementNotFound:[0m
      [31m  Unable to find field "book[title]" that is not disabled[0m
      [36m# ./spec/system/02_after_login_spec.rb:300:in `block (4 levels) in <main>'[0m

  49) [STEP2] ユーザログイン後のテスト ユーザ一覧画面のテスト サイドバーの確認 bodyフォームが表示される
      [31mFailure/Error: expect(page).to have_field 'book[body]'[0m
      [31m  expected to find field "book[body]" that is not disabled but there were no matches[0m
      [36m# ./spec/system/02_after_login_spec.rb:303:in `block (4 levels) in <main>'[0m

  50) [STEP2] ユーザログイン後のテスト ユーザ一覧画面のテスト サイドバーの確認 bodyフォームに値が入っていない
      [31mFailure/Error: expect(find_field('book[body]').text).to be_blank[0m
      [31m[0m
      [31mCapybara::ElementNotFound:[0m
      [31m  Unable to find field "book[body]" that is not disabled[0m
      [36m# ./spec/system/02_after_login_spec.rb:306:in `block (4 levels) in <main>'[0m

  51) [STEP2] ユーザログイン後のテスト ユーザ一覧画面のテスト サイドバーの確認 Create Bookボタンが表示される
      [31mFailure/Error: expect(page).to have_button 'Create Book'[0m
      [31m  expected to find button "Create Book" that is not disabled but there were no matches[0m
      [36m# ./spec/system/02_after_login_spec.rb:309:in `block (4 levels) in <main>'[0m

  52) [STEP2] ユーザログイン後のテスト 自分のユーザ詳細画面のテスト 表示の確認 投稿一覧のユーザ画像のリンク先が正しい
      [31mFailure/Error: expect(page).to have_link '', href: user_path(user)[0m
      [31m  expected to find link "" with href "/users/1" but there were no matches[0m
      [36m# ./spec/system/02_after_login_spec.rb:324:in `block (4 levels) in <main>'[0m

  53) [STEP2] ユーザログイン後のテスト 自分のユーザ詳細画面のテスト 表示の確認 投稿一覧に自分の投稿のtitleが表示され、リンクが正しい
      [31mFailure/Error: expect(page).to have_link book.title, href: book_path(book)[0m
      [31m  expected to find link "rsr8f" with href "/books/1" but there were no matches[0m
      [36m# ./spec/system/02_after_login_spec.rb:327:in `block (4 levels) in <main>'[0m

  54) [STEP2] ユーザログイン後のテスト 自分のユーザ詳細画面のテスト サイドバーの確認 「New book」と表示される
      [31mFailure/Error: expect(page).to have_content 'New book'[0m
      [31m  expected to find text "New book" in "Bookers\nHome Users Books Log out\nUser info\nname 5sa819k7f4 introduction 9jhz4bzew8j89jfln4ot\nNew Book\nTitle\nOpinion\nBooks\nTitle tn7cz Opinion 0uxn3h2hbx4zyb9dg26l\nCopyRight Infratop.inc". (However, it was found 1 time using a case insensitive search.)[0m
      [36m# ./spec/system/02_after_login_spec.rb:348:in `block (4 levels) in <main>'[0m

  55) [STEP2] ユーザログイン後のテスト 自分のユーザ詳細画面のテスト サイドバーの確認 bodyフォームが表示される
      [31mFailure/Error: expect(page).to have_field 'book[body]'[0m
      [31m  expected to find field "book[body]" that is not disabled but there were no matches[0m
      [36m# ./spec/system/02_after_login_spec.rb:357:in `block (4 levels) in <main>'[0m

  56) [STEP2] ユーザログイン後のテスト 自分のユーザ詳細画面のテスト サイドバーの確認 bodyフォームに値が入っていない
      [31mFailure/Error: expect(find_field('book[body]').text).to be_blank[0m
      [31m[0m
      [31mCapybara::ElementNotFound:[0m
      [31m  Unable to find field "book[body]" that is not disabled[0m
      [36m# ./spec/system/02_after_login_spec.rb:360:in `block (4 levels) in <main>'[0m

  57) [STEP3] 仕上げのテスト サクセスメッセージのテスト ユーザログアウト成功時
      [31mFailure/Error: is_expected.to have_content 'successfully'[0m
      [31m  expected to find text "successfully" in "Bookers\nHome About Sign up Log in\nwelcome to Bookers!!\nIn Bookers,\nyou can share and exchange your opinions , inpressions , and emotions\nabout various books!\nLog in\nSign up\nCopyRight Infratop.inc"[0m
      [36m# ./spec/system/03_finishing_touches_spec.rb:36:in `block (3 levels) in <main>'[0m

  58) [STEP3] 仕上げのテスト サクセスメッセージのテスト ユーザのプロフィール情報更新成功時
      [31mFailure/Error: is_expected.to have_content 'successfully'[0m
      [31m  expected to find text "successfully" in "Bookers\nHome Users Books Log out\nUser info\nname kckx770kg3 introduction 70dkvht9abd0v2csx0sl\nNew Book\nTitle\nOpinion\nBooks\nTitle kh9dx Opinion isw2gp7pb3oyv1cz4s2t\nCopyRight Infratop.inc"[0m
      [36m# ./spec/system/03_finishing_touches_spec.rb:45:in `block (3 levels) in <main>'[0m

  59) [STEP3] 仕上げのテスト サクセスメッセージのテスト 投稿データの新規投稿成功時: 投稿一覧画面から行います。
      [31mFailure/Error: profile_image.variant(resize_to_limit: [width, height]).processed[0m
      [31m[0m
      [31mLoadError:[0m
      [31m  Generating image variants require the image_processing gem. Please add `gem 'image_processing', '~> 1.2'` to your Gemfile.[0m
      [36m# ./app/models/user.rb:16:in `get_profile_image'[0m
      [36m# ./app/views/books/index.html.erb:18:in `block in _app_views_books_index_html_erb___1227276105739215456_26460'[0m
      [36m# ./app/views/books/index.html.erb:6:in `_app_views_books_index_html_erb___1227276105739215456_26460'[0m
      [36m# ./spec/system/03_finishing_touches_spec.rb:52:in `block (3 levels) in <main>'[0m
      [36m# ------------------[0m
      [36m# --- Caused by: ---[0m
      [36m# LoadError:[0m
      [36m#   cannot load such file -- image_processing[0m
      [36m#   ./app/models/user.rb:16:in `get_profile_image'[0m

  60) [STEP3] 仕上げのテスト サクセスメッセージのテスト 投稿データの更新成功時
      [31mFailure/Error: click_button 'Update Book'[0m
      [31m[0m
      [31mActionController::RoutingError:[0m
      [31m  No route matches [PATCH] "/books/1"[0m
      [36m# ./spec/system/03_finishing_touches_spec.rb:64:in `block (3 levels) in <main>'[0m

  61) [STEP3] 仕上げのテスト 処理失敗時のテスト ユーザのプロフィール情報編集失敗: nameを1文字にする ユーザ編集画面を表示しており、フォームの内容が正しい
      [31mFailure/Error: expect(page).to have_field 'user[name]', with: @name[0m
      [31m  expected to find field "user[name]" that is not disabled but there were no matches[0m
      [36m# ./spec/system/03_finishing_touches_spec.rb:113:in `block (4 levels) in <main>'[0m

  62) [STEP3] 仕上げのテスト 処理失敗時のテスト ユーザのプロフィール情報編集失敗: nameを1文字にする バリデーションエラーが表示される
      [31mFailure/Error: expect(page).to have_content "is too short (minimum is 2 characters)"[0m
      [31m  expected to find text "is too short (minimum is 2 characters)" in "Bookers\nHome Users Books Log out\nUser info\nname kdz14poi6j introduction pfhrf8f9qsmdmojpl6s5\nNew Book\nTitle\nOpinion\nBooks\nTitle cnlpx Opinion o8dib5ugxvg9tmwq7lfh\nCopyRight Infratop.inc"[0m
      [36m# ./spec/system/03_finishing_touches_spec.rb:116:in `block (4 levels) in <main>'[0m

  63) [STEP3] 仕上げのテスト 処理失敗時のテスト 投稿データの新規投稿失敗: 投稿一覧画面から行い、titleを空にする 投稿が保存されない
      [31mFailure/Error: profile_image.variant(resize_to_limit: [width, height]).processed[0m
      [31m[0m
      [31mLoadError:[0m
      [31m  Generating image variants require the image_processing gem. Please add `gem 'image_processing', '~> 1.2'` to your Gemfile.[0m
      [36m# ./app/models/user.rb:16:in `get_profile_image'[0m
      [36m# ./app/views/books/index.html.erb:18:in `block in _app_views_books_index_html_erb___1227276105739215456_26460'[0m
      [36m# ./app/views/books/index.html.erb:6:in `_app_views_books_index_html_erb___1227276105739215456_26460'[0m
      [36m# ./spec/system/03_finishing_touches_spec.rb:126:in `block (4 levels) in <main>'[0m
      [36m# ------------------[0m
      [36m# --- Caused by: ---[0m
      [36m# LoadError:[0m
      [36m#   cannot load such file -- image_processing[0m
      [36m#   ./app/models/user.rb:16:in `get_profile_image'[0m

  64) [STEP3] 仕上げのテスト 処理失敗時のテスト 投稿データの新規投稿失敗: 投稿一覧画面から行い、titleを空にする 投稿一覧画面を表示している
      [31mFailure/Error: profile_image.variant(resize_to_limit: [width, height]).processed[0m
      [31m[0m
      [31mLoadError:[0m
      [31m  Generating image variants require the image_processing gem. Please add `gem 'image_processing', '~> 1.2'` to your Gemfile.[0m
      [36m# ./app/models/user.rb:16:in `get_profile_image'[0m
      [36m# ./app/views/books/index.html.erb:18:in `block in _app_views_books_index_html_erb___1227276105739215456_26460'[0m
      [36m# ./app/views/books/index.html.erb:6:in `_app_views_books_index_html_erb___1227276105739215456_26460'[0m
      [36m# ./spec/system/03_finishing_touches_spec.rb:126:in `block (4 levels) in <main>'[0m
      [36m# ------------------[0m
      [36m# --- Caused by: ---[0m
      [36m# LoadError:[0m
      [36m#   cannot load such file -- image_processing[0m
      [36m#   ./app/models/user.rb:16:in `get_profile_image'[0m

  65) [STEP3] 仕上げのテスト 処理失敗時のテスト 投稿データの新規投稿失敗: 投稿一覧画面から行い、titleを空にする 新規投稿フォームの内容が正しい
      [31mFailure/Error: profile_image.variant(resize_to_limit: [width, height]).processed[0m
      [31m[0m
      [31mLoadError:[0m
      [31m  Generating image variants require the image_processing gem. Please add `gem 'image_processing', '~> 1.2'` to your Gemfile.[0m
      [36m# ./app/models/user.rb:16:in `get_profile_image'[0m
      [36m# ./app/views/books/index.html.erb:18:in `block in _app_views_books_index_html_erb___1227276105739215456_26460'[0m
      [36m# ./app/views/books/index.html.erb:6:in `_app_views_books_index_html_erb___1227276105739215456_26460'[0m
      [36m# ./spec/system/03_finishing_touches_spec.rb:126:in `block (4 levels) in <main>'[0m
      [36m# ------------------[0m
      [36m# --- Caused by: ---[0m
      [36m# LoadError:[0m
      [36m#   cannot load such file -- image_processing[0m
      [36m#   ./app/models/user.rb:16:in `get_profile_image'[0m

  66) [STEP3] 仕上げのテスト 処理失敗時のテスト 投稿データの新規投稿失敗: 投稿一覧画面から行い、titleを空にする バリデーションエラーが表示される
      [31mFailure/Error: profile_image.variant(resize_to_limit: [width, height]).processed[0m
      [31m[0m
      [31mLoadError:[0m
      [31m  Generating image variants require the image_processing gem. Please add `gem 'image_processing', '~> 1.2'` to your Gemfile.[0m
      [36m# ./app/models/user.rb:16:in `get_profile_image'[0m
      [36m# ./app/views/books/index.html.erb:18:in `block in _app_views_books_index_html_erb___1227276105739215456_26460'[0m
      [36m# ./app/views/books/index.html.erb:6:in `_app_views_books_index_html_erb___1227276105739215456_26460'[0m
      [36m# ./spec/system/03_finishing_touches_spec.rb:126:in `block (4 levels) in <main>'[0m
      [36m# ------------------[0m
      [36m# --- Caused by: ---[0m
      [36m# LoadError:[0m
      [36m#   cannot load such file -- image_processing[0m
      [36m#   ./app/models/user.rb:16:in `get_profile_image'[0m

  67) [STEP3] 仕上げのテスト 処理失敗時のテスト 投稿データの更新失敗: titleを空にする 投稿が更新されない
      [31mFailure/Error: click_button 'Update Book'[0m
      [31m[0m
      [31mActionController::RoutingError:[0m
      [31m  No route matches [PATCH] "/books/1"[0m
      [36m# ./spec/system/03_finishing_touches_spec.rb:159:in `block (4 levels) in <main>'[0m

  68) [STEP3] 仕上げのテスト 処理失敗時のテスト 投稿データの更新失敗: titleを空にする 投稿編集画面を表示しており、フォームの内容が正しい
      [31mFailure/Error: click_button 'Update Book'[0m
      [31m[0m
      [31mActionController::RoutingError:[0m
      [31m  No route matches [PATCH] "/books/1"[0m
      [36m# ./spec/system/03_finishing_touches_spec.rb:159:in `block (4 levels) in <main>'[0m

  69) [STEP3] 仕上げのテスト 処理失敗時のテスト 投稿データの更新失敗: titleを空にする エラーメッセージが表示される
      [31mFailure/Error: click_button 'Update Book'[0m
      [31m[0m
      [31mActionController::RoutingError:[0m
      [31m  No route matches [PATCH] "/books/1"[0m
      [36m# ./spec/system/03_finishing_touches_spec.rb:159:in `block (4 levels) in <main>'[0m

  70) [STEP3] 仕上げのテスト 他人の画面のテスト 他人の投稿詳細画面のテスト 表示内容の確認 URLが正しい
      [31mFailure/Error:[0m
      [31m  def get_profile_image(width, height)[0m
      [31m    unless profile_image.attached?[0m
      [31m      file_path = Rails.root.join('app/assets/images/sample-author1.jpg')[0m
      [31m      profile_image.attach(io: File.open(file_path), filename: 'default-image.jpg', content_type: 'image/jpeg')[0m
      [31m    end[0m
      [31m    profile_image.variant(resize_to_limit: [width, height]).processed[0m
      [31m[0m
      [31mActionView::Template::Error:[0m
      [31m  wrong number of arguments (given 0, expected 2)[0m
      [36m# ./app/models/user.rb:11:in `get_profile_image'[0m
      [36m# ./app/views/books/show.html.erb:11:in `_app_views_books_show_html_erb__1841198058641119766_30560'[0m
      [36m# ./spec/system/03_finishing_touches_spec.rb:215:in `block (4 levels) in <main>'[0m
      [36m# ------------------[0m
      [36m# --- Caused by: ---[0m
      [36m# ArgumentError:[0m
      [36m#   wrong number of arguments (given 0, expected 2)[0m
      [36m#   ./app/models/user.rb:11:in `get_profile_image'[0m

  71) [STEP3] 仕上げのテスト 他人の画面のテスト 他人の投稿詳細画面のテスト 表示内容の確認 「Book detail」と表示される
      [31mFailure/Error:[0m
      [31m  def get_profile_image(width, height)[0m
      [31m    unless profile_image.attached?[0m
      [31m      file_path = Rails.root.join('app/assets/images/sample-author1.jpg')[0m
      [31m      profile_image.attach(io: File.open(file_path), filename: 'default-image.jpg', content_type: 'image/jpeg')[0m
      [31m    end[0m
      [31m    profile_image.variant(resize_to_limit: [width, height]).processed[0m
      [31m[0m
      [31mActionView::Template::Error:[0m
      [31m  wrong number of arguments (given 0, expected 2)[0m
      [36m# ./app/models/user.rb:11:in `get_profile_image'[0m
      [36m# ./app/views/books/show.html.erb:11:in `_app_views_books_show_html_erb__1841198058641119766_30560'[0m
      [36m# ./spec/system/03_finishing_touches_spec.rb:215:in `block (4 levels) in <main>'[0m
      [36m# ------------------[0m
      [36m# --- Caused by: ---[0m
      [36m# ArgumentError:[0m
      [36m#   wrong number of arguments (given 0, expected 2)[0m
      [36m#   ./app/models/user.rb:11:in `get_profile_image'[0m

  72) [STEP3] 仕上げのテスト 他人の画面のテスト 他人の投稿詳細画面のテスト 表示内容の確認 ユーザ画像・名前のリンク先が正しい
      [31mFailure/Error:[0m
      [31m  def get_profile_image(width, height)[0m
      [31m    unless profile_image.attached?[0m
      [31m      file_path = Rails.root.join('app/assets/images/sample-author1.jpg')[0m
      [31m      profile_image.attach(io: File.open(file_path), filename: 'default-image.jpg', content_type: 'image/jpeg')[0m
      [31m    end[0m
      [31m    profile_image.variant(resize_to_limit: [width, height]).processed[0m
      [31m[0m
      [31mActionView::Template::Error:[0m
      [31m  wrong number of arguments (given 0, expected 2)[0m
      [36m# ./app/models/user.rb:11:in `get_profile_image'[0m
      [36m# ./app/views/books/show.html.erb:11:in `_app_views_books_show_html_erb__1841198058641119766_30560'[0m
      [36m# ./spec/system/03_finishing_touches_spec.rb:215:in `block (4 levels) in <main>'[0m
      [36m# ------------------[0m
      [36m# --- Caused by: ---[0m
      [36m# ArgumentError:[0m
      [36m#   wrong number of arguments (given 0, expected 2)[0m
      [36m#   ./app/models/user.rb:11:in `get_profile_image'[0m

  73) [STEP3] 仕上げのテスト 他人の画面のテスト 他人の投稿詳細画面のテスト 表示内容の確認 投稿のtitleが表示される
      [31mFailure/Error:[0m
      [31m  def get_profile_image(width, height)[0m
      [31m    unless profile_image.attached?[0m
      [31m      file_path = Rails.root.join('app/assets/images/sample-author1.jpg')[0m
      [31m      profile_image.attach(io: File.open(file_path), filename: 'default-image.jpg', content_type: 'image/jpeg')[0m
      [31m    end[0m
      [31m    profile_image.variant(resize_to_limit: [width, height]).processed[0m
      [31m[0m
      [31mActionView::Template::Error:[0m
      [31m  wrong number of arguments (given 0, expected 2)[0m
      [36m# ./app/models/user.rb:11:in `get_profile_image'[0m
      [36m# ./app/views/books/show.html.erb:11:in `_app_views_books_show_html_erb__1841198058641119766_30560'[0m
      [36m# ./spec/system/03_finishing_touches_spec.rb:215:in `block (4 levels) in <main>'[0m
      [36m# ------------------[0m
      [36m# --- Caused by: ---[0m
      [36m# ArgumentError:[0m
      [36m#   wrong number of arguments (given 0, expected 2)[0m
      [36m#   ./app/models/user.rb:11:in `get_profile_image'[0m

  74) [STEP3] 仕上げのテスト 他人の画面のテスト 他人の投稿詳細画面のテスト 表示内容の確認 投稿のopinionが表示される
      [31mFailure/Error:[0m
      [31m  def get_profile_image(width, height)[0m
      [31m    unless profile_image.attached?[0m
      [31m      file_path = Rails.root.join('app/assets/images/sample-author1.jpg')[0m
      [31m      profile_image.attach(io: File.open(file_path), filename: 'default-image.jpg', content_type: 'image/jpeg')[0m
      [31m    end[0m
      [31m    profile_image.variant(resize_to_limit: [width, height]).processed[0m
      [31m[0m
      [31mActionView::Template::Error:[0m
      [31m  wrong number of arguments (given 0, expected 2)[0m
      [36m# ./app/models/user.rb:11:in `get_profile_image'[0m
      [36m# ./app/views/books/show.html.erb:11:in `_app_views_books_show_html_erb__1841198058641119766_30560'[0m
      [36m# ./spec/system/03_finishing_touches_spec.rb:215:in `block (4 levels) in <main>'[0m
      [36m# ------------------[0m
      [36m# --- Caused by: ---[0m
      [36m# ArgumentError:[0m
      [36m#   wrong number of arguments (given 0, expected 2)[0m
      [36m#   ./app/models/user.rb:11:in `get_profile_image'[0m

  75) [STEP3] 仕上げのテスト 他人の画面のテスト 他人の投稿詳細画面のテスト 表示内容の確認 投稿の編集リンクが表示されない
      [31mFailure/Error:[0m
      [31m  def get_profile_image(width, height)[0m
      [31m    unless profile_image.attached?[0m
      [31m      file_path = Rails.root.join('app/assets/images/sample-author1.jpg')[0m
      [31m      profile_image.attach(io: File.open(file_path), filename: 'default-image.jpg', content_type: 'image/jpeg')[0m
      [31m    end[0m
      [31m    profile_image.variant(resize_to_limit: [width, height]).processed[0m
      [31m[0m
      [31mActionView::Template::Error:[0m
      [31m  wrong number of arguments (given 0, expected 2)[0m
      [36m# ./app/models/user.rb:11:in `get_profile_image'[0m
      [36m# ./app/views/books/show.html.erb:11:in `_app_views_books_show_html_erb__1841198058641119766_30560'[0m
      [36m# ./spec/system/03_finishing_touches_spec.rb:215:in `block (4 levels) in <main>'[0m
      [36m# ------------------[0m
      [36m# --- Caused by: ---[0m
      [36m# ArgumentError:[0m
      [36m#   wrong number of arguments (given 0, expected 2)[0m
      [36m#   ./app/models/user.rb:11:in `get_profile_image'[0m

  76) [STEP3] 仕上げのテスト 他人の画面のテスト 他人の投稿詳細画面のテスト 表示内容の確認 投稿の削除リンクが表示されない
      [31mFailure/Error:[0m
      [31m  def get_profile_image(width, height)[0m
      [31m    unless profile_image.attached?[0m
      [31m      file_path = Rails.root.join('app/assets/images/sample-author1.jpg')[0m
      [31m      profile_image.attach(io: File.open(file_path), filename: 'default-image.jpg', content_type: 'image/jpeg')[0m
      [31m    end[0m
      [31m    profile_image.variant(resize_to_limit: [width, height]).processed[0m
      [31m[0m
      [31mActionView::Template::Error:[0m
      [31m  wrong number of arguments (given 0, expected 2)[0m
      [36m# ./app/models/user.rb:11:in `get_profile_image'[0m
      [36m# ./app/views/books/show.html.erb:11:in `_app_views_books_show_html_erb__1841198058641119766_30560'[0m
      [36m# ./spec/system/03_finishing_touches_spec.rb:215:in `block (4 levels) in <main>'[0m
      [36m# ------------------[0m
      [36m# --- Caused by: ---[0m
      [36m# ArgumentError:[0m
      [36m#   wrong number of arguments (given 0, expected 2)[0m
      [36m#   ./app/models/user.rb:11:in `get_profile_image'[0m

  77) [STEP3] 仕上げのテスト 他人の画面のテスト 他人の投稿詳細画面のテスト サイドバーの確認 他人の名前と紹介文が表示される
      [31mFailure/Error:[0m
      [31m  def get_profile_image(width, height)[0m
      [31m    unless profile_image.attached?[0m
      [31m      file_path = Rails.root.join('app/assets/images/sample-author1.jpg')[0m
      [31m      profile_image.attach(io: File.open(file_path), filename: 'default-image.jpg', content_type: 'image/jpeg')[0m
      [31m    end[0m
      [31m    profile_image.variant(resize_to_limit: [width, height]).processed[0m
      [31m[0m
      [31mActionView::Template::Error:[0m
      [31m  wrong number of arguments (given 0, expected 2)[0m
      [36m# ./app/models/user.rb:11:in `get_profile_image'[0m
      [36m# ./app/views/books/show.html.erb:11:in `_app_views_books_show_html_erb__1841198058641119766_30560'[0m
      [36m# ./spec/system/03_finishing_touches_spec.rb:215:in `block (4 levels) in <main>'[0m
      [36m# ------------------[0m
      [36m# --- Caused by: ---[0m
      [36m# ArgumentError:[0m
      [36m#   wrong number of arguments (given 0, expected 2)[0m
      [36m#   ./app/models/user.rb:11:in `get_profile_image'[0m

  78) [STEP3] 仕上げのテスト 他人の画面のテスト 他人の投稿詳細画面のテスト サイドバーの確認 他人のユーザ編集画面へのリンクが存在する
      [31mFailure/Error:[0m
      [31m  def get_profile_image(width, height)[0m
      [31m    unless profile_image.attached?[0m
      [31m      file_path = Rails.root.join('app/assets/images/sample-author1.jpg')[0m
      [31m      profile_image.attach(io: File.open(file_path), filename: 'default-image.jpg', content_type: 'image/jpeg')[0m
      [31m    end[0m
      [31m    profile_image.variant(resize_to_limit: [width, height]).processed[0m
      [31m[0m
      [31mActionView::Template::Error:[0m
      [31m  wrong number of arguments (given 0, expected 2)[0m
      [36m# ./app/models/user.rb:11:in `get_profile_image'[0m
      [36m# ./app/views/books/show.html.erb:11:in `_app_views_books_show_html_erb__1841198058641119766_30560'[0m
      [36m# ./spec/system/03_finishing_touches_spec.rb:215:in `block (4 levels) in <main>'[0m
      [36m# ------------------[0m
      [36m# --- Caused by: ---[0m
      [36m# ArgumentError:[0m
      [36m#   wrong number of arguments (given 0, expected 2)[0m
      [36m#   ./app/models/user.rb:11:in `get_profile_image'[0m

  79) [STEP3] 仕上げのテスト 他人の画面のテスト 他人の投稿詳細画面のテスト サイドバーの確認 自分の名前と紹介文は表示されない
      [31mFailure/Error:[0m
      [31m  def get_profile_image(width, height)[0m
      [31m    unless profile_image.attached?[0m
      [31m      file_path = Rails.root.join('app/assets/images/sample-author1.jpg')[0m
      [31m      profile_image.attach(io: File.open(file_path), filename: 'default-image.jpg', content_type: 'image/jpeg')[0m
      [31m    end[0m
      [31m    profile_image.variant(resize_to_limit: [width, height]).processed[0m
      [31m[0m
      [31mActionView::Template::Error:[0m
      [31m  wrong number of arguments (given 0, expected 2)[0m
      [36m# ./app/models/user.rb:11:in `get_profile_image'[0m
      [36m# ./app/views/books/show.html.erb:11:in `_app_views_books_show_html_erb__1841198058641119766_30560'[0m
      [36m# ./spec/system/03_finishing_touches_spec.rb:215:in `block (4 levels) in <main>'[0m
      [36m# ------------------[0m
      [36m# --- Caused by: ---[0m
      [36m# ArgumentError:[0m
      [36m#   wrong number of arguments (given 0, expected 2)[0m
      [36m#   ./app/models/user.rb:11:in `get_profile_image'[0m

  80) [STEP3] 仕上げのテスト 他人の画面のテスト 他人の投稿詳細画面のテスト サイドバーの確認 自分のユーザ編集画面へのリンクは存在しない
      [31mFailure/Error:[0m
      [31m  def get_profile_image(width, height)[0m
      [31m    unless profile_image.attached?[0m
      [31m      file_path = Rails.root.join('app/assets/images/sample-author1.jpg')[0m
      [31m      profile_image.attach(io: File.open(file_path), filename: 'default-image.jpg', content_type: 'image/jpeg')[0m
      [31m    end[0m
      [31m    profile_image.variant(resize_to_limit: [width, height]).processed[0m
      [31m[0m
      [31mActionView::Template::Error:[0m
      [31m  wrong number of arguments (given 0, expected 2)[0m
      [36m# ./app/models/user.rb:11:in `get_profile_image'[0m
      [36m# ./app/views/books/show.html.erb:11:in `_app_views_books_show_html_erb__1841198058641119766_30560'[0m
      [36m# ./spec/system/03_finishing_touches_spec.rb:215:in `block (4 levels) in <main>'[0m
      [36m# ------------------[0m
      [36m# --- Caused by: ---[0m
      [36m# ArgumentError:[0m
      [36m#   wrong number of arguments (given 0, expected 2)[0m
      [36m#   ./app/models/user.rb:11:in `get_profile_image'[0m

  81) [STEP3] 仕上げのテスト 他人の画面のテスト 他人の投稿編集画面 遷移できず、投稿一覧画面にリダイレクトされる
      [31mFailure/Error: profile_image.variant(resize_to_limit: [width, height]).processed[0m
      [31m[0m
      [31mLoadError:[0m
      [31m  Generating image variants require the image_processing gem. Please add `gem 'image_processing', '~> 1.2'` to your Gemfile.[0m
      [36m# ./app/models/user.rb:16:in `get_profile_image'[0m
      [36m# ./app/views/books/index.html.erb:18:in `block in _app_views_books_index_html_erb___1227276105739215456_26460'[0m
      [36m# ./app/views/books/index.html.erb:6:in `_app_views_books_index_html_erb___1227276105739215456_26460'[0m
      [36m# ./spec/system/03_finishing_touches_spec.rb:268:in `block (4 levels) in <main>'[0m
      [36m# ------------------[0m
      [36m# --- Caused by: ---[0m
      [36m# LoadError:[0m
      [36m#   cannot load such file -- image_processing[0m
      [36m#   ./app/models/user.rb:16:in `get_profile_image'[0m

  82) [STEP3] 仕上げのテスト 他人の画面のテスト 他人のユーザ詳細画面のテスト 表示の確認 投稿一覧のユーザ画像のリンク先が正しい
      [31mFailure/Error: expect(page).to have_link '', href: user_path(other_user)[0m
      [31m  expected to find link "" with href "/users/2" but there were no matches[0m
      [36m# ./spec/system/03_finishing_touches_spec.rb:283:in `block (5 levels) in <main>'[0m

  83) [STEP3] 仕上げのテスト 他人の画面のテスト 他人のユーザ詳細画面のテスト 表示の確認 投稿一覧に他人の投稿のtitleが表示され、リンクが正しい
      [31mFailure/Error: expect(page).to have_link other_book.title, href: book_path(other_book)[0m
      [31m  expected to find link "n9ses" with href "/books/2" but there were no matches[0m
      [36m# ./spec/system/03_finishing_touches_spec.rb:286:in `block (5 levels) in <main>'[0m

  84) [STEP3] 仕上げのテスト 他人の画面のテスト 他人のユーザ情報編集画面 遷移できず、自分のユーザ詳細画面にリダイレクトされる
      [31mFailure/Error: expect(current_path).to eq '/users/' + user.id.to_s[0m
      [31m[0m
      [31m  expected: "/users/1"[0m
      [31m       got: "/users/2/edit"[0m
      [31m[0m
      [31m  (compared using ==)[0m
      [36m# ./spec/system/03_finishing_touches_spec.rb:318:in `block (4 levels) in <main>'[0m

  85) [STEP3] 仕上げのテスト グリッドシステムのテスト: container, row, col-md-〇を正しく使えている ユーザ一覧画面
      [31mFailure/Error: is_expected.to have_selector '.container .row .col-md-3'[0m
      [31m  expected to find css ".container .row .col-md-3" but there were no matches[0m
      [36m# ./spec/system/03_finishing_touches_spec.rb:335:in `block (3 levels) in <main>'[0m

  86) [STEP3] 仕上げのテスト グリッドシステムのテスト: container, row, col-md-〇を正しく使えている ユーザ詳細画面
      [31mFailure/Error: is_expected.to have_selector '.container .row .col-md-3'[0m
      [31m  expected to find css ".container .row .col-md-3" but there were no matches[0m
      [36m# ./spec/system/03_finishing_touches_spec.rb:340:in `block (3 levels) in <main>'[0m

  87) [STEP3] 仕上げのテスト グリッドシステムのテスト: container, row, col-md-〇を正しく使えている 投稿一覧画面
      [31mFailure/Error: profile_image.variant(resize_to_limit: [width, height]).processed[0m
      [31m[0m
      [31mLoadError:[0m
      [31m  Generating image variants require the image_processing gem. Please add `gem 'image_processing', '~> 1.2'` to your Gemfile.[0m
      [36m# ./app/models/user.rb:16:in `get_profile_image'[0m
      [36m# ./app/views/books/index.html.erb:18:in `block in _app_views_books_index_html_erb___1227276105739215456_26460'[0m
      [36m# ./app/views/books/index.html.erb:6:in `_app_views_books_index_html_erb___1227276105739215456_26460'[0m
      [36m# ./spec/system/03_finishing_touches_spec.rb:344:in `block (3 levels) in <main>'[0m
      [36m# ------------------[0m
      [36m# --- Caused by: ---[0m
      [36m# LoadError:[0m
      [36m#   cannot load such file -- image_processing[0m
      [36m#   ./app/models/user.rb:16:in `get_profile_image'[0m

  88) [STEP3] 仕上げのテスト グリッドシステムのテスト: container, row, col-md-〇を正しく使えている 投稿詳細画面
      [31mFailure/Error:[0m
      [31m  def get_profile_image(width, height)[0m
      [31m    unless profile_image.attached?[0m
      [31m      file_path = Rails.root.join('app/assets/images/sample-author1.jpg')[0m
      [31m      profile_image.attach(io: File.open(file_path), filename: 'default-image.jpg', content_type: 'image/jpeg')[0m
      [31m    end[0m
      [31m    profile_image.variant(resize_to_limit: [width, height]).processed[0m
      [31m[0m
      [31mActionView::Template::Error:[0m
      [31m  wrong number of arguments (given 0, expected 2)[0m
      [36m# ./app/models/user.rb:11:in `get_profile_image'[0m
      [36m# ./app/views/books/show.html.erb:11:in `_app_views_books_show_html_erb__1841198058641119766_30560'[0m
      [36m# ./spec/system/03_finishing_touches_spec.rb:349:in `block (3 levels) in <main>'[0m
      [36m# ------------------[0m
      [36m# --- Caused by: ---[0m
      [36m# ArgumentError:[0m
      [36m#   wrong number of arguments (given 0, expected 2)[0m
      [36m#   ./app/models/user.rb:11:in `get_profile_image'[0m

  89) [STEP3] 仕上げのテスト アイコンのテスト サイドバー ユーザ一覧画面でレンチアイコンが表示される
      [31mFailure/Error: is_expected.to have_selector '.fa-solid.fa-user-gear, .fa-solid.fa-user-cog, .fas.fa-user-cog'[0m
      [31m  expected to find css ".fa-solid.fa-user-gear, .fa-solid.fa-user-cog, .fas.fa-user-cog" but there were no matches[0m
      [36m# ./spec/system/03_finishing_touches_spec.rb:437:in `block (4 levels) in <main>'[0m

  90) [STEP3] 仕上げのテスト アイコンのテスト サイドバー 投稿一覧画面でレンチアイコンが表示される
      [31mFailure/Error: profile_image.variant(resize_to_limit: [width, height]).processed[0m
      [31m[0m
      [31mLoadError:[0m
      [31m  Generating image variants require the image_processing gem. Please add `gem 'image_processing', '~> 1.2'` to your Gemfile.[0m
      [36m# ./app/models/user.rb:16:in `get_profile_image'[0m
      [36m# ./app/views/books/index.html.erb:18:in `block in _app_views_books_index_html_erb___1227276105739215456_26460'[0m
      [36m# ./app/views/books/index.html.erb:6:in `_app_views_books_index_html_erb___1227276105739215456_26460'[0m
      [36m# ./spec/system/03_finishing_touches_spec.rb:444:in `block (4 levels) in <main>'[0m
      [36m# ------------------[0m
      [36m# --- Caused by: ---[0m
      [36m# LoadError:[0m
      [36m#   cannot load such file -- image_processing[0m
      [36m#   ./app/models/user.rb:16:in `get_profile_image'[0m

  91) [STEP3] 仕上げのテスト アイコンのテスト サイドバー 投稿詳細画面でレンチアイコンが表示される
      [31mFailure/Error:[0m
      [31m  def get_profile_image(width, height)[0m
      [31m    unless profile_image.attached?[0m
      [31m      file_path = Rails.root.join('app/assets/images/sample-author1.jpg')[0m
      [31m      profile_image.attach(io: File.open(file_path), filename: 'default-image.jpg', content_type: 'image/jpeg')[0m
      [31m    end[0m
      [31m    profile_image.variant(resize_to_limit: [width, height]).processed[0m
      [31m[0m
      [31mActionView::Template::Error:[0m
      [31m  wrong number of arguments (given 0, expected 2)[0m
      [36m# ./app/models/user.rb:11:in `get_profile_image'[0m
      [36m# ./app/views/books/show.html.erb:11:in `_app_views_books_show_html_erb__1841198058641119766_30560'[0m
      [36m# ./spec/system/03_finishing_touches_spec.rb:448:in `block (4 levels) in <main>'[0m
      [36m# ------------------[0m
      [36m# --- Caused by: ---[0m
      [36m# ArgumentError:[0m
      [36m#   wrong number of arguments (given 0, expected 2)[0m
      [36m#   ./app/models/user.rb:11:in `get_profile_image'[0m

Finished in 17.49 seconds (files took 3.38 seconds to load)
[31m201 examples, 91 failures[0m

Failed examples:

[31mrspec ./spec/system/01_before_login_spec.rb:180[0m [36m# [STEP1] ユーザログイン前のテスト ユーザログイン 表示内容の確認 emailフォームは表示されない[0m
[31mrspec ./spec/system/02_after_login_spec.rb:20[0m [36m# [STEP2] ユーザログイン後のテスト ヘッダーのテスト: ログインしている場合 リンクの内容を確認: ※logoutは『ユーザログアウトのテスト』でテスト済みになります。 Homeを押すと、自分のユーザ詳細画面に遷移する[0m
[31mrspec ./spec/system/02_after_login_spec.rb:32[0m [36m# [STEP2] ユーザログイン後のテスト ヘッダーのテスト: ログインしている場合 リンクの内容を確認: ※logoutは『ユーザログアウトのテスト』でテスト済みになります。 Booksを押すと、投稿一覧画面に遷移する[0m
[31mrspec ./spec/system/02_after_login_spec.rb:47[0m [36m# [STEP2] ユーザログイン後のテスト 投稿一覧画面のテスト 表示内容の確認 URLが正しい[0m
[31mrspec ./spec/system/02_after_login_spec.rb:50[0m [36m# [STEP2] ユーザログイン後のテスト 投稿一覧画面のテスト 表示内容の確認 自分と他人の画像のリンク先が正しい[0m
[31mrspec ./spec/system/02_after_login_spec.rb:54[0m [36m# [STEP2] ユーザログイン後のテスト 投稿一覧画面のテスト 表示内容の確認 自分の投稿と他人の投稿のタイトルのリンク先がそれぞれ正しい[0m
[31mrspec ./spec/system/02_after_login_spec.rb:58[0m [36m# [STEP2] ユーザログイン後のテスト 投稿一覧画面のテスト 表示内容の確認 自分の投稿と他人の投稿のオピニオンが表示される[0m
[31mrspec ./spec/system/02_after_login_spec.rb:65[0m [36m# [STEP2] ユーザログイン後のテスト 投稿一覧画面のテスト サイドバーの確認 自分の名前と紹介文が表示される[0m
[31mrspec ./spec/system/02_after_login_spec.rb:69[0m [36m# [STEP2] ユーザログイン後のテスト 投稿一覧画面のテスト サイドバーの確認 自分のユーザ編集画面へのリンクが存在する[0m
[31mrspec ./spec/system/02_after_login_spec.rb:72[0m [36m# [STEP2] ユーザログイン後のテスト 投稿一覧画面のテスト サイドバーの確認 「New book」と表示される[0m
[31mrspec ./spec/system/02_after_login_spec.rb:75[0m [36m# [STEP2] ユーザログイン後のテスト 投稿一覧画面のテスト サイドバーの確認 titleフォームが表示される[0m
[31mrspec ./spec/system/02_after_login_spec.rb:78[0m [36m# [STEP2] ユーザログイン後のテスト 投稿一覧画面のテスト サイドバーの確認 titleフォームに値が入っていない[0m
[31mrspec ./spec/system/02_after_login_spec.rb:81[0m [36m# [STEP2] ユーザログイン後のテスト 投稿一覧画面のテスト サイドバーの確認 bodyフォームが表示される[0m
[31mrspec ./spec/system/02_after_login_spec.rb:84[0m [36m# [STEP2] ユーザログイン後のテスト 投稿一覧画面のテスト サイドバーの確認 bodyフォームに値が入っていない[0m
[31mrspec ./spec/system/02_after_login_spec.rb:87[0m [36m# [STEP2] ユーザログイン後のテスト 投稿一覧画面のテスト サイドバーの確認 Create Bookボタンが表示される[0m
[31mrspec ./spec/system/02_after_login_spec.rb:98[0m [36m# [STEP2] ユーザログイン後のテスト 投稿一覧画面のテスト 投稿成功のテスト 自分の新しい投稿が正しく保存される[0m
[31mrspec ./spec/system/02_after_login_spec.rb:101[0m [36m# [STEP2] ユーザログイン後のテスト 投稿一覧画面のテスト 投稿成功のテスト リダイレクト先が、保存できた投稿の詳細画面になっている[0m
[31mrspec ./spec/system/02_after_login_spec.rb:114[0m [36m# [STEP2] ユーザログイン後のテスト 自分の投稿詳細画面のテスト 表示内容の確認 URLが正しい[0m
[31mrspec ./spec/system/02_after_login_spec.rb:117[0m [36m# [STEP2] ユーザログイン後のテスト 自分の投稿詳細画面のテスト 表示内容の確認 「Book detail」と表示される[0m
[31mrspec ./spec/system/02_after_login_spec.rb:120[0m [36m# [STEP2] ユーザログイン後のテスト 自分の投稿詳細画面のテスト 表示内容の確認 ユーザ画像・名前のリンク先が正しい[0m
[31mrspec ./spec/system/02_after_login_spec.rb:123[0m [36m# [STEP2] ユーザログイン後のテスト 自分の投稿詳細画面のテスト 表示内容の確認 投稿のtitleが表示される[0m
[31mrspec ./spec/system/02_after_login_spec.rb:126[0m [36m# [STEP2] ユーザログイン後のテスト 自分の投稿詳細画面のテスト 表示内容の確認 投稿のbodyが表示される[0m
[31mrspec ./spec/system/02_after_login_spec.rb:129[0m [36m# [STEP2] ユーザログイン後のテスト 自分の投稿詳細画面のテスト 表示内容の確認 投稿の編集リンクが表示される[0m
[31mrspec ./spec/system/02_after_login_spec.rb:132[0m [36m# [STEP2] ユーザログイン後のテスト 自分の投稿詳細画面のテスト 表示内容の確認 投稿の削除リンクが表示される[0m
[31mrspec ./spec/system/02_after_login_spec.rb:138[0m [36m# [STEP2] ユーザログイン後のテスト 自分の投稿詳細画面のテスト サイドバーの確認 自分の名前と紹介文が表示される[0m
[31mrspec ./spec/system/02_after_login_spec.rb:142[0m [36m# [STEP2] ユーザログイン後のテスト 自分の投稿詳細画面のテスト サイドバーの確認 自分のユーザ編集画面へのリンクが存在する[0m
[31mrspec ./spec/system/02_after_login_spec.rb:145[0m [36m# [STEP2] ユーザログイン後のテスト 自分の投稿詳細画面のテスト サイドバーの確認 「New book」と表示される[0m
[31mrspec ./spec/system/02_after_login_spec.rb:148[0m [36m# [STEP2] ユーザログイン後のテスト 自分の投稿詳細画面のテスト サイドバーの確認 titleフォームが表示される[0m
[31mrspec ./spec/system/02_after_login_spec.rb:151[0m [36m# [STEP2] ユーザログイン後のテスト 自分の投稿詳細画面のテスト サイドバーの確認 titleフォームに値が入っていない[0m
[31mrspec ./spec/system/02_after_login_spec.rb:154[0m [36m# [STEP2] ユーザログイン後のテスト 自分の投稿詳細画面のテスト サイドバーの確認 bodyフォームが表示される[0m
[31mrspec ./spec/system/02_after_login_spec.rb:157[0m [36m# [STEP2] ユーザログイン後のテスト 自分の投稿詳細画面のテスト サイドバーの確認 bodyフォームに値が入っていない[0m
[31mrspec ./spec/system/02_after_login_spec.rb:160[0m [36m# [STEP2] ユーザログイン後のテスト 自分の投稿詳細画面のテスト サイドバーの確認 Create Bookボタンが表示される[0m
[31mrspec ./spec/system/02_after_login_spec.rb:171[0m [36m# [STEP2] ユーザログイン後のテスト 自分の投稿詳細画面のテスト 投稿成功のテスト 自分の新しい投稿が正しく保存される[0m
[31mrspec ./spec/system/02_after_login_spec.rb:180[0m [36m# [STEP2] ユーザログイン後のテスト 自分の投稿詳細画面のテスト 編集リンクのテスト 編集画面に遷移する[0m
[31mrspec ./spec/system/02_after_login_spec.rb:189[0m [36m# [STEP2] ユーザログイン後のテスト 自分の投稿詳細画面のテスト 削除リンクのテスト application.html.erbにjavascript_pack_tagを含んでいる[0m
[31mrspec ./spec/system/02_after_login_spec.rb:203[0m [36m# [STEP2] ユーザログイン後のテスト 自分の投稿詳細画面のテスト 削除リンクのテスト 正しく削除される[0m
[31mrspec ./spec/system/02_after_login_spec.rb:206[0m [36m# [STEP2] ユーザログイン後のテスト 自分の投稿詳細画面のテスト 削除リンクのテスト リダイレクト先が、投稿一覧画面になっている[0m
[31mrspec ./spec/system/02_after_login_spec.rb:250[0m [36m# [STEP2] ユーザログイン後のテスト 自分の投稿編集画面のテスト 編集成功のテスト titleが正しく更新される[0m
[31mrspec ./spec/system/02_after_login_spec.rb:253[0m [36m# [STEP2] ユーザログイン後のテスト 自分の投稿編集画面のテスト 編集成功のテスト bodyが正しく更新される[0m
[31mrspec ./spec/system/02_after_login_spec.rb:256[0m [36m# [STEP2] ユーザログイン後のテスト 自分の投稿編集画面のテスト 編集成功のテスト リダイレクト先が、更新した投稿の詳細画面になっている[0m
[31mrspec ./spec/system/02_after_login_spec.rb:272[0m [36m# [STEP2] ユーザログイン後のテスト ユーザ一覧画面のテスト 表示内容の確認 自分と他人の画像が表示される: fallbackの画像がサイドバーの1つ＋一覧(2人)の2つの計3つ存在する[0m
[31mrspec ./spec/system/02_after_login_spec.rb:275[0m [36m# [STEP2] ユーザログイン後のテスト ユーザ一覧画面のテスト 表示内容の確認 自分と他人の名前がそれぞれ表示される[0m
[31mrspec ./spec/system/02_after_login_spec.rb:279[0m [36m# [STEP2] ユーザログイン後のテスト ユーザ一覧画面のテスト 表示内容の確認 自分と他人のshowリンクがそれぞれ表示される[0m
[31mrspec ./spec/system/02_after_login_spec.rb:286[0m [36m# [STEP2] ユーザログイン後のテスト ユーザ一覧画面のテスト サイドバーの確認 自分の名前と紹介文が表示される[0m
[31mrspec ./spec/system/02_after_login_spec.rb:290[0m [36m# [STEP2] ユーザログイン後のテスト ユーザ一覧画面のテスト サイドバーの確認 自分のユーザ編集画面へのリンクが存在する[0m
[31mrspec ./spec/system/02_after_login_spec.rb:293[0m [36m# [STEP2] ユーザログイン後のテスト ユーザ一覧画面のテスト サイドバーの確認 「New book」と表示される[0m
[31mrspec ./spec/system/02_after_login_spec.rb:296[0m [36m# [STEP2] ユーザログイン後のテスト ユーザ一覧画面のテスト サイドバーの確認 titleフォームが表示される[0m
[31mrspec ./spec/system/02_after_login_spec.rb:299[0m [36m# [STEP2] ユーザログイン後のテスト ユーザ一覧画面のテスト サイドバーの確認 titleフォームに値が入っていない[0m
[31mrspec ./spec/system/02_after_login_spec.rb:302[0m [36m# [STEP2] ユーザログイン後のテスト ユーザ一覧画面のテスト サイドバーの確認 bodyフォームが表示される[0m
[31mrspec ./spec/system/02_after_login_spec.rb:305[0m [36m# [STEP2] ユーザログイン後のテスト ユーザ一覧画面のテスト サイドバーの確認 bodyフォームに値が入っていない[0m
[31mrspec ./spec/system/02_after_login_spec.rb:308[0m [36m# [STEP2] ユーザログイン後のテスト ユーザ一覧画面のテスト サイドバーの確認 Create Bookボタンが表示される[0m
[31mrspec ./spec/system/02_after_login_spec.rb:323[0m [36m# [STEP2] ユーザログイン後のテスト 自分のユーザ詳細画面のテスト 表示の確認 投稿一覧のユーザ画像のリンク先が正しい[0m
[31mrspec ./spec/system/02_after_login_spec.rb:326[0m [36m# [STEP2] ユーザログイン後のテスト 自分のユーザ詳細画面のテスト 表示の確認 投稿一覧に自分の投稿のtitleが表示され、リンクが正しい[0m
[31mrspec ./spec/system/02_after_login_spec.rb:347[0m [36m# [STEP2] ユーザログイン後のテスト 自分のユーザ詳細画面のテスト サイドバーの確認 「New book」と表示される[0m
[31mrspec ./spec/system/02_after_login_spec.rb:356[0m [36m# [STEP2] ユーザログイン後のテスト 自分のユーザ詳細画面のテスト サイドバーの確認 bodyフォームが表示される[0m
[31mrspec ./spec/system/02_after_login_spec.rb:359[0m [36m# [STEP2] ユーザログイン後のテスト 自分のユーザ詳細画面のテスト サイドバーの確認 bodyフォームに値が入っていない[0m
[31mrspec ./spec/system/03_finishing_touches_spec.rb:28[0m [36m# [STEP3] 仕上げのテスト サクセスメッセージのテスト ユーザログアウト成功時[0m
[31mrspec ./spec/system/03_finishing_touches_spec.rb:38[0m [36m# [STEP3] 仕上げのテスト サクセスメッセージのテスト ユーザのプロフィール情報更新成功時[0m
[31mrspec ./spec/system/03_finishing_touches_spec.rb:47[0m [36m# [STEP3] 仕上げのテスト サクセスメッセージのテスト 投稿データの新規投稿成功時: 投稿一覧画面から行います。[0m
[31mrspec ./spec/system/03_finishing_touches_spec.rb:58[0m [36m# [STEP3] 仕上げのテスト サクセスメッセージのテスト 投稿データの更新成功時[0m
[31mrspec ./spec/system/03_finishing_touches_spec.rb:112[0m [36m# [STEP3] 仕上げのテスト 処理失敗時のテスト ユーザのプロフィール情報編集失敗: nameを1文字にする ユーザ編集画面を表示しており、フォームの内容が正しい[0m
[31mrspec ./spec/system/03_finishing_touches_spec.rb:115[0m [36m# [STEP3] 仕上げのテスト 処理失敗時のテスト ユーザのプロフィール情報編集失敗: nameを1文字にする バリデーションエラーが表示される[0m
[31mrspec ./spec/system/03_finishing_touches_spec.rb:131[0m [36m# [STEP3] 仕上げのテスト 処理失敗時のテスト 投稿データの新規投稿失敗: 投稿一覧画面から行い、titleを空にする 投稿が保存されない[0m
[31mrspec ./spec/system/03_finishing_touches_spec.rb:134[0m [36m# [STEP3] 仕上げのテスト 処理失敗時のテスト 投稿データの新規投稿失敗: 投稿一覧画面から行い、titleを空にする 投稿一覧画面を表示している[0m
[31mrspec ./spec/system/03_finishing_touches_spec.rb:140[0m [36m# [STEP3] 仕上げのテスト 処理失敗時のテスト 投稿データの新規投稿失敗: 投稿一覧画面から行い、titleを空にする 新規投稿フォームの内容が正しい[0m
[31mrspec ./spec/system/03_finishing_touches_spec.rb:144[0m [36m# [STEP3] 仕上げのテスト 処理失敗時のテスト 投稿データの新規投稿失敗: 投稿一覧画面から行い、titleを空にする バリデーションエラーが表示される[0m
[31mrspec ./spec/system/03_finishing_touches_spec.rb:162[0m [36m# [STEP3] 仕上げのテスト 処理失敗時のテスト 投稿データの更新失敗: titleを空にする 投稿が更新されない[0m
[31mrspec ./spec/system/03_finishing_touches_spec.rb:165[0m [36m# [STEP3] 仕上げのテスト 処理失敗時のテスト 投稿データの更新失敗: titleを空にする 投稿編集画面を表示しており、フォームの内容が正しい[0m
[31mrspec ./spec/system/03_finishing_touches_spec.rb:170[0m [36m# [STEP3] 仕上げのテスト 処理失敗時のテスト 投稿データの更新失敗: titleを空にする エラーメッセージが表示される[0m
[31mrspec ./spec/system/03_finishing_touches_spec.rb:219[0m [36m# [STEP3] 仕上げのテスト 他人の画面のテスト 他人の投稿詳細画面のテスト 表示内容の確認 URLが正しい[0m
[31mrspec ./spec/system/03_finishing_touches_spec.rb:222[0m [36m# [STEP3] 仕上げのテスト 他人の画面のテスト 他人の投稿詳細画面のテスト 表示内容の確認 「Book detail」と表示される[0m
[31mrspec ./spec/system/03_finishing_touches_spec.rb:225[0m [36m# [STEP3] 仕上げのテスト 他人の画面のテスト 他人の投稿詳細画面のテスト 表示内容の確認 ユーザ画像・名前のリンク先が正しい[0m
[31mrspec ./spec/system/03_finishing_touches_spec.rb:228[0m [36m# [STEP3] 仕上げのテスト 他人の画面のテスト 他人の投稿詳細画面のテスト 表示内容の確認 投稿のtitleが表示される[0m
[31mrspec ./spec/system/03_finishing_touches_spec.rb:231[0m [36m# [STEP3] 仕上げのテスト 他人の画面のテスト 他人の投稿詳細画面のテスト 表示内容の確認 投稿のopinionが表示される[0m
[31mrspec ./spec/system/03_finishing_touches_spec.rb:234[0m [36m# [STEP3] 仕上げのテスト 他人の画面のテスト 他人の投稿詳細画面のテスト 表示内容の確認 投稿の編集リンクが表示されない[0m
[31mrspec ./spec/system/03_finishing_touches_spec.rb:237[0m [36m# [STEP3] 仕上げのテスト 他人の画面のテスト 他人の投稿詳細画面のテスト 表示内容の確認 投稿の削除リンクが表示されない[0m
[31mrspec ./spec/system/03_finishing_touches_spec.rb:243[0m [36m# [STEP3] 仕上げのテスト 他人の画面のテスト 他人の投稿詳細画面のテスト サイドバーの確認 他人の名前と紹介文が表示される[0m
[31mrspec ./spec/system/03_finishing_touches_spec.rb:247[0m [36m# [STEP3] 仕上げのテスト 他人の画面のテスト 他人の投稿詳細画面のテスト サイドバーの確認 他人のユーザ編集画面へのリンクが存在する[0m
[31mrspec ./spec/system/03_finishing_touches_spec.rb:250[0m [36m# [STEP3] 仕上げのテスト 他人の画面のテスト 他人の投稿詳細画面のテスト サイドバーの確認 自分の名前と紹介文は表示されない[0m
[31mrspec ./spec/system/03_finishing_touches_spec.rb:254[0m [36m# [STEP3] 仕上げのテスト 他人の画面のテスト 他人の投稿詳細画面のテスト サイドバーの確認 自分のユーザ編集画面へのリンクは存在しない[0m
[31mrspec ./spec/system/03_finishing_touches_spec.rb:265[0m [36m# [STEP3] 仕上げのテスト 他人の画面のテスト 他人の投稿編集画面 遷移できず、投稿一覧画面にリダイレクトされる[0m
[31mrspec ./spec/system/03_finishing_touches_spec.rb:282[0m [36m# [STEP3] 仕上げのテスト 他人の画面のテスト 他人のユーザ詳細画面のテスト 表示の確認 投稿一覧のユーザ画像のリンク先が正しい[0m
[31mrspec ./spec/system/03_finishing_touches_spec.rb:285[0m [36m# [STEP3] 仕上げのテスト 他人の画面のテスト 他人のユーザ詳細画面のテスト 表示の確認 投稿一覧に他人の投稿のtitleが表示され、リンクが正しい[0m
[31mrspec ./spec/system/03_finishing_touches_spec.rb:316[0m [36m# [STEP3] 仕上げのテスト 他人の画面のテスト 他人のユーザ情報編集画面 遷移できず、自分のユーザ詳細画面にリダイレクトされる[0m
[31mrspec ./spec/system/03_finishing_touches_spec.rb:333[0m [36m# [STEP3] 仕上げのテスト グリッドシステムのテスト: container, row, col-md-〇を正しく使えている ユーザ一覧画面[0m
[31mrspec ./spec/system/03_finishing_touches_spec.rb:338[0m [36m# [STEP3] 仕上げのテスト グリッドシステムのテスト: container, row, col-md-〇を正しく使えている ユーザ詳細画面[0m
[31mrspec ./spec/system/03_finishing_touches_spec.rb:343[0m [36m# [STEP3] 仕上げのテスト グリッドシステムのテスト: container, row, col-md-〇を正しく使えている 投稿一覧画面[0m
[31mrspec ./spec/system/03_finishing_touches_spec.rb:348[0m [36m# [STEP3] 仕上げのテスト グリッドシステムのテスト: container, row, col-md-〇を正しく使えている 投稿詳細画面[0m
[31mrspec ./spec/system/03_finishing_touches_spec.rb:435[0m [36m# [STEP3] 仕上げのテスト アイコンのテスト サイドバー ユーザ一覧画面でレンチアイコンが表示される[0m
[31mrspec ./spec/system/03_finishing_touches_spec.rb:443[0m [36m# [STEP3] 仕上げのテスト アイコンのテスト サイドバー 投稿一覧画面でレンチアイコンが表示される[0m
[31mrspec ./spec/system/03_finishing_touches_spec.rb:447[0m [36m# [STEP3] 仕上げのテスト アイコンのテスト サイドバー 投稿詳細画面でレンチアイコンが表示される[0m

